[34m09:08:23.650[main] INFO  c.a.l.fiction.service.Application - Starting Application on LAPTOP-N9NNG75B with PID 8164 (C:\Users\User\Desktop\fiction.service\fiction.service\target\classes started by User in C:\Users\User\Desktop\fiction.service)
[0;39m
[34m09:08:23.661[main] INFO  c.a.l.fiction.service.Application - No active profile set, falling back to default profiles: default
[0;39m
[31m09:08:23.807[background-preinit] WARN  o.s.h.c.j.Jackson2ObjectMapperBuilder - For Jackson Kotlin classes support please add "com.fasterxml.jackson.module:jackson-module-kotlin" to the classpath
[0;39m
[34m09:08:24.826[main] INFO  o.s.d.r.c.RepositoryConfigurationDelegate - Multiple Spring Data modules found, entering strict repository configuration mode!
[0;39m
[34m09:08:24.828[main] INFO  o.s.d.r.c.RepositoryConfigurationDelegate - Bootstrapping Spring Data MongoDB repositories in DEFAULT mode.
[0;39m
[34m09:08:24.900[main] INFO  o.s.d.r.c.RepositoryConfigurationDelegate - Finished Spring Data repository scanning in 69ms. Found 1 MongoDB repository interfaces.
[0;39m
[34m09:08:25.595[main] INFO  o.s.b.w.e.tomcat.TomcatWebServer - Tomcat initialized with port(s): 8001 (http)
[0;39m
[34m09:08:25.604[main] INFO  o.a.coyote.http11.Http11NioProtocol - Initializing ProtocolHandler ["http-nio-8001"]
[0;39m
[34m09:08:25.604[main] INFO  o.a.catalina.core.StandardService - Starting service [Tomcat]
[0;39m
[34m09:08:25.604[main] INFO  o.a.catalina.core.StandardEngine - Starting Servlet engine: [Apache Tomcat/9.0.41]
[0;39m
[34m09:08:25.716[main] INFO  o.a.c.c.C.[.[localhost].[/books] - Initializing Spring embedded WebApplicationContext
[0;39m
[34m09:08:25.716[main] INFO  o.s.b.w.s.c.ServletWebServerApplicationContext - Root WebApplicationContext: initialization completed in 1950 ms
[0;39m
[34m09:08:25.878[main] INFO  org.mongodb.driver.cluster - Cluster created with settings {hosts=[localhost:27017], mode=SINGLE, requiredClusterType=UNKNOWN, serverSelectionTimeout='30000 ms'}
[0;39m
[34m09:08:25.958[cluster-ClusterId{value='65388db115033d61dccd89d2', description='null'}-localhost:27017] INFO  org.mongodb.driver.connection - Opened connection [connectionId{localValue:1, serverValue:4}] to localhost:27017
[0;39m
[34m09:08:25.961[cluster-ClusterId{value='65388db115033d61dccd89d2', description='null'}-localhost:27017] INFO  org.mongodb.driver.cluster - Monitor thread successfully connected to server with description ServerDescription{address=localhost:27017, type=STANDALONE, state=CONNECTED, ok=true, minWireVersion=0, maxWireVersion=21, maxDocumentSize=16777216, logicalSessionTimeoutMinutes=30, roundTripTimeNanos=2037000}
[0;39m
[34m09:08:26.205[main] INFO  org.mongodb.driver.connection - Opened connection [connectionId{localValue:2, serverValue:5}] to localhost:27017
[0;39m
[34m09:08:26.952[main] INFO  o.s.s.c.ThreadPoolTaskExecutor - Initializing ExecutorService 'applicationTaskExecutor'
[0;39m
[34m09:08:27.229[main] INFO  o.a.coyote.http11.Http11NioProtocol - Starting ProtocolHandler ["http-nio-8001"]
[0;39m
[34m09:08:27.318[main] INFO  o.s.b.w.e.tomcat.TomcatWebServer - Tomcat started on port(s): 8001 (http) with context path '/books'
[0;39m
[34m09:08:27.807[main] INFO  c.a.l.fiction.service.Application - Started Application in 4.628 seconds (JVM running for 4.989)
[0;39m
[34m09:08:38.670[http-nio-8001-exec-1] INFO  o.a.c.c.C.[.[localhost].[/books] - Initializing Spring DispatcherServlet 'dispatcherServlet'
[0;39m
[34m09:08:38.671[http-nio-8001-exec-1] INFO  o.s.web.servlet.DispatcherServlet - Initializing Servlet 'dispatcherServlet'
[0;39m
[34m09:08:38.676[http-nio-8001-exec-1] INFO  o.s.web.servlet.DispatcherServlet - Completed initialization in 5 ms
[0;39m
[34m09:13:39.715[SpringContextShutdownHook] INFO  o.s.s.c.ThreadPoolTaskExecutor - Shutting down ExecutorService 'applicationTaskExecutor'
[0;39m
[34m09:13:39.722[SpringContextShutdownHook] INFO  org.mongodb.driver.connection - Closed connection [connectionId{localValue:2, serverValue:5}] to localhost:27017 because the pool has been closed.
[0;39m
[34m09:13:42.213[main] INFO  c.a.l.fiction.service.Application - Starting Application on LAPTOP-N9NNG75B with PID 12624 (C:\Users\User\Desktop\fiction.service\fiction.service\target\classes started by User in C:\Users\User\Desktop\fiction.service)
[0;39m
[34m09:13:42.218[main] INFO  c.a.l.fiction.service.Application - No active profile set, falling back to default profiles: default
[0;39m
[31m09:13:42.309[background-preinit] WARN  o.s.h.c.j.Jackson2ObjectMapperBuilder - For Jackson Kotlin classes support please add "com.fasterxml.jackson.module:jackson-module-kotlin" to the classpath
[0;39m
[34m09:13:43.142[main] INFO  o.s.d.r.c.RepositoryConfigurationDelegate - Multiple Spring Data modules found, entering strict repository configuration mode!
[0;39m
[34m09:13:43.143[main] INFO  o.s.d.r.c.RepositoryConfigurationDelegate - Bootstrapping Spring Data MongoDB repositories in DEFAULT mode.
[0;39m
[34m09:13:43.212[main] INFO  o.s.d.r.c.RepositoryConfigurationDelegate - Finished Spring Data repository scanning in 67ms. Found 1 MongoDB repository interfaces.
[0;39m
[34m09:13:43.879[main] INFO  o.s.b.w.e.tomcat.TomcatWebServer - Tomcat initialized with port(s): 8001 (http)
[0;39m
[34m09:13:43.886[main] INFO  o.a.coyote.http11.Http11NioProtocol - Initializing ProtocolHandler ["http-nio-8001"]
[0;39m
[34m09:13:43.886[main] INFO  o.a.catalina.core.StandardService - Starting service [Tomcat]
[0;39m
[34m09:13:43.886[main] INFO  o.a.catalina.core.StandardEngine - Starting Servlet engine: [Apache Tomcat/9.0.41]
[0;39m
[34m09:13:44.011[main] INFO  o.a.c.c.C.[.[localhost].[/books] - Initializing Spring embedded WebApplicationContext
[0;39m
[34m09:13:44.011[main] INFO  o.s.b.w.s.c.ServletWebServerApplicationContext - Root WebApplicationContext: initialization completed in 1726 ms
[0;39m
[34m09:13:44.200[main] INFO  org.mongodb.driver.cluster - Cluster created with settings {hosts=[localhost:27017], mode=SINGLE, requiredClusterType=UNKNOWN, serverSelectionTimeout='30000 ms'}
[0;39m
[34m09:13:44.310[cluster-ClusterId{value='65388ef0bd25f12af20ec0e8', description='null'}-localhost:27017] INFO  org.mongodb.driver.connection - Opened connection [connectionId{localValue:1, serverValue:11}] to localhost:27017
[0;39m
[34m09:13:44.321[cluster-ClusterId{value='65388ef0bd25f12af20ec0e8', description='null'}-localhost:27017] INFO  org.mongodb.driver.cluster - Monitor thread successfully connected to server with description ServerDescription{address=localhost:27017, type=STANDALONE, state=CONNECTED, ok=true, minWireVersion=0, maxWireVersion=21, maxDocumentSize=16777216, logicalSessionTimeoutMinutes=30, roundTripTimeNanos=3382200}
[0;39m
[34m09:13:44.571[main] INFO  org.mongodb.driver.connection - Opened connection [connectionId{localValue:2, serverValue:12}] to localhost:27017
[0;39m
[34m09:13:45.528[main] INFO  o.s.s.c.ThreadPoolTaskExecutor - Initializing ExecutorService 'applicationTaskExecutor'
[0;39m
[34m09:13:45.826[main] INFO  o.a.coyote.http11.Http11NioProtocol - Starting ProtocolHandler ["http-nio-8001"]
[0;39m
[34m09:13:45.871[main] INFO  o.s.b.w.e.tomcat.TomcatWebServer - Tomcat started on port(s): 8001 (http) with context path '/books'
[0;39m
[34m09:13:46.227[main] INFO  c.a.l.fiction.service.Application - Started Application in 4.341 seconds (JVM running for 4.638)
[0;39m
[34m09:13:53.619[http-nio-8001-exec-1] INFO  o.a.c.c.C.[.[localhost].[/books] - Initializing Spring DispatcherServlet 'dispatcherServlet'
[0;39m
[34m09:13:53.619[http-nio-8001-exec-1] INFO  o.s.web.servlet.DispatcherServlet - Initializing Servlet 'dispatcherServlet'
[0;39m
[34m09:13:53.624[http-nio-8001-exec-1] INFO  o.s.web.servlet.DispatcherServlet - Completed initialization in 5 ms
[0;39m
[34m09:30:15.259[SpringContextShutdownHook] INFO  o.s.s.c.ThreadPoolTaskExecutor - Shutting down ExecutorService 'applicationTaskExecutor'
[0;39m
[34m09:30:15.264[SpringContextShutdownHook] INFO  org.mongodb.driver.connection - Closed connection [connectionId{localValue:2, serverValue:12}] to localhost:27017 because the pool has been closed.
[0;39m
[34m11:36:06.430[main] INFO  c.a.l.fiction.service.Application - Starting Application on LAPTOP-N9NNG75B with PID 16184 (C:\Users\User\Desktop\fiction.service\fiction.service\target\classes started by User in C:\Users\User\Desktop\fiction.service)
[0;39m
[34m11:36:06.433[main] INFO  c.a.l.fiction.service.Application - No active profile set, falling back to default profiles: default
[0;39m
[31m11:36:06.534[background-preinit] WARN  o.s.h.c.j.Jackson2ObjectMapperBuilder - For Jackson Kotlin classes support please add "com.fasterxml.jackson.module:jackson-module-kotlin" to the classpath
[0;39m
[34m11:36:07.422[main] INFO  o.s.d.r.c.RepositoryConfigurationDelegate - Multiple Spring Data modules found, entering strict repository configuration mode!
[0;39m
[34m11:36:07.422[main] INFO  o.s.d.r.c.RepositoryConfigurationDelegate - Bootstrapping Spring Data MongoDB repositories in DEFAULT mode.
[0;39m
[34m11:36:07.485[main] INFO  o.s.d.r.c.RepositoryConfigurationDelegate - Finished Spring Data repository scanning in 59ms. Found 1 MongoDB repository interfaces.
[0;39m
[34m11:36:08.095[main] INFO  o.s.b.w.e.tomcat.TomcatWebServer - Tomcat initialized with port(s): 8001 (http)
[0;39m
[34m11:36:08.106[main] INFO  o.a.coyote.http11.Http11NioProtocol - Initializing ProtocolHandler ["http-nio-8001"]
[0;39m
[34m11:36:08.107[main] INFO  o.a.catalina.core.StandardService - Starting service [Tomcat]
[0;39m
[34m11:36:08.107[main] INFO  o.a.catalina.core.StandardEngine - Starting Servlet engine: [Apache Tomcat/9.0.41]
[0;39m
[34m11:36:08.194[main] INFO  o.a.c.c.C.[.[localhost].[/books] - Initializing Spring embedded WebApplicationContext
[0;39m
[34m11:36:08.195[main] INFO  o.s.b.w.s.c.ServletWebServerApplicationContext - Root WebApplicationContext: initialization completed in 1691 ms
[0;39m
[34m11:36:08.311[main] INFO  org.mongodb.driver.cluster - Cluster created with settings {hosts=[localhost:27017], mode=SINGLE, requiredClusterType=UNKNOWN, serverSelectionTimeout='30000 ms'}
[0;39m
[34m11:36:08.369[cluster-ClusterId{value='6538b0508185d75ed7a20b2b', description='null'}-localhost:27017] INFO  org.mongodb.driver.connection - Opened connection [connectionId{localValue:1, serverValue:40}] to localhost:27017
[0;39m
[34m11:36:08.374[cluster-ClusterId{value='6538b0508185d75ed7a20b2b', description='null'}-localhost:27017] INFO  org.mongodb.driver.cluster - Monitor thread successfully connected to server with description ServerDescription{address=localhost:27017, type=STANDALONE, state=CONNECTED, ok=true, minWireVersion=0, maxWireVersion=21, maxDocumentSize=16777216, logicalSessionTimeoutMinutes=30, roundTripTimeNanos=2901000}
[0;39m
[34m11:36:08.559[main] INFO  org.mongodb.driver.connection - Opened connection [connectionId{localValue:2, serverValue:41}] to localhost:27017
[0;39m
[34m11:36:09.161[main] INFO  o.s.s.c.ThreadPoolTaskExecutor - Initializing ExecutorService 'applicationTaskExecutor'
[0;39m
[34m11:36:09.368[main] INFO  o.a.coyote.http11.Http11NioProtocol - Starting ProtocolHandler ["http-nio-8001"]
[0;39m
[34m11:36:09.424[main] INFO  o.s.b.w.e.tomcat.TomcatWebServer - Tomcat started on port(s): 8001 (http) with context path '/books'
[0;39m
[34m11:36:09.712[main] INFO  c.a.l.fiction.service.Application - Started Application in 3.722 seconds (JVM running for 4.119)
[0;39m
[34m11:36:19.500[http-nio-8001-exec-1] INFO  o.a.c.c.C.[.[localhost].[/books] - Initializing Spring DispatcherServlet 'dispatcherServlet'
[0;39m
[34m11:36:19.500[http-nio-8001-exec-1] INFO  o.s.web.servlet.DispatcherServlet - Initializing Servlet 'dispatcherServlet'
[0;39m
[34m11:36:19.502[http-nio-8001-exec-1] INFO  o.s.web.servlet.DispatcherServlet - Completed initialization in 2 ms
[0;39m
[39m11:36:19.573[http-nio-8001-exec-1] DEBUG o.s.data.mongodb.core.MongoTemplate - find using query: { "bookName" : "The Alchemist", "authorName" : "Paulo Coelho"} fields: Document{{}} for class: class com.arabbank.librarymanagement.fiction.service.model.entity.FictionBooksEntity in collection: fictionBooks
[0;39m
[39m11:36:58.872[http-nio-8001-exec-2] DEBUG o.s.data.mongodb.core.MongoTemplate - find using query: { "bookName" : "The Alchemist", "authorName" : "Paulo Coelho", "publisherName" : "Penguin Publications"} fields: Document{{}} for class: class com.arabbank.librarymanagement.fiction.service.model.entity.FictionBooksEntity in collection: fictionBooks
[0;39m
[39m11:37:55.402[http-nio-8001-exec-4] DEBUG o.s.data.mongodb.core.MongoTemplate - find using query: { "bookName" : "The Alchemist", "authorName" : "Paulo Coelho", "publisherName" : "Penguin Publications"} fields: Document{{}} for class: class com.arabbank.librarymanagement.fiction.service.model.entity.FictionBooksEntity in collection: fictionBooks
[0;39m
[34m12:13:50.605[SpringContextShutdownHook] INFO  o.s.s.c.ThreadPoolTaskExecutor - Shutting down ExecutorService 'applicationTaskExecutor'
[0;39m
[34m12:13:50.616[SpringContextShutdownHook] INFO  org.mongodb.driver.connection - Closed connection [connectionId{localValue:2, serverValue:41}] to localhost:27017 because the pool has been closed.
[0;39m
[34m12:13:53.042[main] INFO  c.a.l.fiction.service.Application - Starting Application on LAPTOP-N9NNG75B with PID 3320 (C:\Users\User\Desktop\fiction.service\fiction.service\target\classes started by User in C:\Users\User\Desktop\fiction.service)
[0;39m
[34m12:13:53.047[main] INFO  c.a.l.fiction.service.Application - No active profile set, falling back to default profiles: default
[0;39m
[31m12:13:53.173[background-preinit] WARN  o.s.h.c.j.Jackson2ObjectMapperBuilder - For Jackson Kotlin classes support please add "com.fasterxml.jackson.module:jackson-module-kotlin" to the classpath
[0;39m
[34m12:13:53.953[main] INFO  o.s.d.r.c.RepositoryConfigurationDelegate - Multiple Spring Data modules found, entering strict repository configuration mode!
[0;39m
[34m12:13:53.954[main] INFO  o.s.d.r.c.RepositoryConfigurationDelegate - Bootstrapping Spring Data MongoDB repositories in DEFAULT mode.
[0;39m
[34m12:13:54.033[main] INFO  o.s.d.r.c.RepositoryConfigurationDelegate - Finished Spring Data repository scanning in 75ms. Found 1 MongoDB repository interfaces.
[0;39m
[34m12:13:54.613[main] INFO  o.s.b.w.e.tomcat.TomcatWebServer - Tomcat initialized with port(s): 8001 (http)
[0;39m
[34m12:13:54.619[main] INFO  o.a.coyote.http11.Http11NioProtocol - Initializing ProtocolHandler ["http-nio-8001"]
[0;39m
[34m12:13:54.619[main] INFO  o.a.catalina.core.StandardService - Starting service [Tomcat]
[0;39m
[34m12:13:54.619[main] INFO  o.a.catalina.core.StandardEngine - Starting Servlet engine: [Apache Tomcat/9.0.41]
[0;39m
[34m12:13:54.719[main] INFO  o.a.c.c.C.[.[localhost].[/books] - Initializing Spring embedded WebApplicationContext
[0;39m
[34m12:13:54.720[main] INFO  o.s.b.w.s.c.ServletWebServerApplicationContext - Root WebApplicationContext: initialization completed in 1582 ms
[0;39m
[34m12:13:54.829[main] INFO  org.mongodb.driver.cluster - Cluster created with settings {hosts=[localhost:27017], mode=SINGLE, requiredClusterType=UNKNOWN, serverSelectionTimeout='30000 ms'}
[0;39m
[34m12:13:54.905[cluster-ClusterId{value='6538b92a52d30134f55db92d', description='null'}-localhost:27017] INFO  org.mongodb.driver.connection - Opened connection [connectionId{localValue:1, serverValue:44}] to localhost:27017
[0;39m
[34m12:13:54.909[cluster-ClusterId{value='6538b92a52d30134f55db92d', description='null'}-localhost:27017] INFO  org.mongodb.driver.cluster - Monitor thread successfully connected to server with description ServerDescription{address=localhost:27017, type=STANDALONE, state=CONNECTED, ok=true, minWireVersion=0, maxWireVersion=21, maxDocumentSize=16777216, logicalSessionTimeoutMinutes=30, roundTripTimeNanos=2746600}
[0;39m
[34m12:13:55.066[main] INFO  org.mongodb.driver.connection - Opened connection [connectionId{localValue:2, serverValue:45}] to localhost:27017
[0;39m
[34m12:13:55.765[main] INFO  o.s.s.c.ThreadPoolTaskExecutor - Initializing ExecutorService 'applicationTaskExecutor'
[0;39m
[34m12:13:56.051[main] INFO  o.a.coyote.http11.Http11NioProtocol - Starting ProtocolHandler ["http-nio-8001"]
[0;39m
[34m12:13:56.095[main] INFO  o.s.b.w.e.tomcat.TomcatWebServer - Tomcat started on port(s): 8001 (http) with context path '/books'
[0;39m
[34m12:13:56.392[main] INFO  c.a.l.fiction.service.Application - Started Application in 3.689 seconds (JVM running for 3.979)
[0;39m
[34m12:34:22.751[SpringContextShutdownHook] INFO  o.s.s.c.ThreadPoolTaskExecutor - Shutting down ExecutorService 'applicationTaskExecutor'
[0;39m
[34m12:34:22.759[SpringContextShutdownHook] INFO  org.mongodb.driver.connection - Closed connection [connectionId{localValue:2, serverValue:45}] to localhost:27017 because the pool has been closed.
[0;39m
[34m12:34:25.260[main] INFO  c.a.l.fiction.service.Application - Starting Application on LAPTOP-N9NNG75B with PID 3508 (C:\Users\User\Desktop\fiction.service\fiction.service\target\classes started by User in C:\Users\User\Desktop\fiction.service)
[0;39m
[34m12:34:25.263[main] INFO  c.a.l.fiction.service.Application - No active profile set, falling back to default profiles: default
[0;39m
[31m12:34:25.354[background-preinit] WARN  o.s.h.c.j.Jackson2ObjectMapperBuilder - For Jackson Kotlin classes support please add "com.fasterxml.jackson.module:jackson-module-kotlin" to the classpath
[0;39m
[34m12:34:26.195[main] INFO  o.s.d.r.c.RepositoryConfigurationDelegate - Multiple Spring Data modules found, entering strict repository configuration mode!
[0;39m
[34m12:34:26.196[main] INFO  o.s.d.r.c.RepositoryConfigurationDelegate - Bootstrapping Spring Data MongoDB repositories in DEFAULT mode.
[0;39m
[34m12:34:26.247[main] INFO  o.s.d.r.c.RepositoryConfigurationDelegate - Finished Spring Data repository scanning in 46ms. Found 1 MongoDB repository interfaces.
[0;39m
[34m12:34:26.863[main] INFO  o.s.b.w.e.tomcat.TomcatWebServer - Tomcat initialized with port(s): 8001 (http)
[0;39m
[34m12:34:26.868[main] INFO  o.a.coyote.http11.Http11NioProtocol - Initializing ProtocolHandler ["http-nio-8001"]
[0;39m
[34m12:34:26.868[main] INFO  o.a.catalina.core.StandardService - Starting service [Tomcat]
[0;39m
[34m12:34:26.869[main] INFO  o.a.catalina.core.StandardEngine - Starting Servlet engine: [Apache Tomcat/9.0.41]
[0;39m
[34m12:34:26.960[main] INFO  o.a.c.c.C.[.[localhost].[/books] - Initializing Spring embedded WebApplicationContext
[0;39m
[34m12:34:26.961[main] INFO  o.s.b.w.s.c.ServletWebServerApplicationContext - Root WebApplicationContext: initialization completed in 1650 ms
[0;39m
[34m12:34:27.070[main] INFO  org.mongodb.driver.cluster - Cluster created with settings {hosts=[localhost:27017], mode=SINGLE, requiredClusterType=UNKNOWN, serverSelectionTimeout='30000 ms'}
[0;39m
[34m12:34:27.138[cluster-ClusterId{value='6538bdfb05e5e4519d26ad97', description='null'}-localhost:27017] INFO  org.mongodb.driver.connection - Opened connection [connectionId{localValue:1, serverValue:46}] to localhost:27017
[0;39m
[34m12:34:27.143[cluster-ClusterId{value='6538bdfb05e5e4519d26ad97', description='null'}-localhost:27017] INFO  org.mongodb.driver.cluster - Monitor thread successfully connected to server with description ServerDescription{address=localhost:27017, type=STANDALONE, state=CONNECTED, ok=true, minWireVersion=0, maxWireVersion=21, maxDocumentSize=16777216, logicalSessionTimeoutMinutes=30, roundTripTimeNanos=2983200}
[0;39m
[34m12:34:27.332[main] INFO  org.mongodb.driver.connection - Opened connection [connectionId{localValue:2, serverValue:47}] to localhost:27017
[0;39m
[34m12:34:28.087[main] INFO  o.s.s.c.ThreadPoolTaskExecutor - Initializing ExecutorService 'applicationTaskExecutor'
[0;39m
[34m12:34:28.404[main] INFO  o.a.coyote.http11.Http11NioProtocol - Starting ProtocolHandler ["http-nio-8001"]
[0;39m
[34m12:34:28.456[main] INFO  o.s.b.w.e.tomcat.TomcatWebServer - Tomcat started on port(s): 8001 (http) with context path '/books'
[0;39m
[34m12:34:28.780[main] INFO  c.a.l.fiction.service.Application - Started Application in 3.835 seconds (JVM running for 4.125)
[0;39m
[34m12:44:21.581[SpringContextShutdownHook] INFO  o.s.s.c.ThreadPoolTaskExecutor - Shutting down ExecutorService 'applicationTaskExecutor'
[0;39m
[34m12:44:21.585[SpringContextShutdownHook] INFO  org.mongodb.driver.connection - Closed connection [connectionId{localValue:2, serverValue:47}] to localhost:27017 because the pool has been closed.
[0;39m
[34m12:44:24.707[main] INFO  c.a.l.fiction.service.Application - Starting Application on LAPTOP-N9NNG75B with PID 11108 (C:\Users\User\Desktop\fiction.service\fiction.service\target\classes started by User in C:\Users\User\Desktop\fiction.service)
[0;39m
[34m12:44:24.710[main] INFO  c.a.l.fiction.service.Application - No active profile set, falling back to default profiles: default
[0;39m
[31m12:44:24.792[background-preinit] WARN  o.s.h.c.j.Jackson2ObjectMapperBuilder - For Jackson Kotlin classes support please add "com.fasterxml.jackson.module:jackson-module-kotlin" to the classpath
[0;39m
[34m12:44:25.562[main] INFO  o.s.d.r.c.RepositoryConfigurationDelegate - Multiple Spring Data modules found, entering strict repository configuration mode!
[0;39m
[34m12:44:25.563[main] INFO  o.s.d.r.c.RepositoryConfigurationDelegate - Bootstrapping Spring Data MongoDB repositories in DEFAULT mode.
[0;39m
[34m12:44:25.625[main] INFO  o.s.d.r.c.RepositoryConfigurationDelegate - Finished Spring Data repository scanning in 56ms. Found 1 MongoDB repository interfaces.
[0;39m
[34m12:44:26.184[main] INFO  o.s.b.w.e.tomcat.TomcatWebServer - Tomcat initialized with port(s): 8001 (http)
[0;39m
[34m12:44:26.190[main] INFO  o.a.coyote.http11.Http11NioProtocol - Initializing ProtocolHandler ["http-nio-8001"]
[0;39m
[34m12:44:26.190[main] INFO  o.a.catalina.core.StandardService - Starting service [Tomcat]
[0;39m
[34m12:44:26.190[main] INFO  o.a.catalina.core.StandardEngine - Starting Servlet engine: [Apache Tomcat/9.0.41]
[0;39m
[34m12:44:26.274[main] INFO  o.a.c.c.C.[.[localhost].[/books] - Initializing Spring embedded WebApplicationContext
[0;39m
[34m12:44:26.275[main] INFO  o.s.b.w.s.c.ServletWebServerApplicationContext - Root WebApplicationContext: initialization completed in 1520 ms
[0;39m
[34m12:44:26.403[main] INFO  org.mongodb.driver.cluster - Cluster created with settings {hosts=[localhost:27017], mode=SINGLE, requiredClusterType=UNKNOWN, serverSelectionTimeout='30000 ms'}
[0;39m
[34m12:44:26.470[cluster-ClusterId{value='6538c05246146f61b3832efc', description='null'}-localhost:27017] INFO  org.mongodb.driver.connection - Opened connection [connectionId{localValue:1, serverValue:52}] to localhost:27017
[0;39m
[34m12:44:26.474[cluster-ClusterId{value='6538c05246146f61b3832efc', description='null'}-localhost:27017] INFO  org.mongodb.driver.cluster - Monitor thread successfully connected to server with description ServerDescription{address=localhost:27017, type=STANDALONE, state=CONNECTED, ok=true, minWireVersion=0, maxWireVersion=21, maxDocumentSize=16777216, logicalSessionTimeoutMinutes=30, roundTripTimeNanos=2408401}
[0;39m
[34m12:44:26.636[main] INFO  org.mongodb.driver.connection - Opened connection [connectionId{localValue:2, serverValue:53}] to localhost:27017
[0;39m
[34m12:44:27.465[main] INFO  o.s.s.c.ThreadPoolTaskExecutor - Initializing ExecutorService 'applicationTaskExecutor'
[0;39m
[34m12:44:27.800[main] INFO  o.a.coyote.http11.Http11NioProtocol - Starting ProtocolHandler ["http-nio-8001"]
[0;39m
[34m12:44:27.853[main] INFO  o.s.b.w.e.tomcat.TomcatWebServer - Tomcat started on port(s): 8001 (http) with context path '/books'
[0;39m
[34m12:44:28.222[main] INFO  c.a.l.fiction.service.Application - Started Application in 3.843 seconds (JVM running for 4.142)
[0;39m
[34m12:46:03.681[SpringContextShutdownHook] INFO  o.s.s.c.ThreadPoolTaskExecutor - Shutting down ExecutorService 'applicationTaskExecutor'
[0;39m
[34m12:46:03.686[SpringContextShutdownHook] INFO  org.mongodb.driver.connection - Closed connection [connectionId{localValue:2, serverValue:53}] to localhost:27017 because the pool has been closed.
[0;39m
[34m12:46:06.420[main] INFO  c.a.l.fiction.service.Application - Starting Application on LAPTOP-N9NNG75B with PID 12844 (C:\Users\User\Desktop\fiction.service\fiction.service\target\classes started by User in C:\Users\User\Desktop\fiction.service)
[0;39m
[34m12:46:06.423[main] INFO  c.a.l.fiction.service.Application - No active profile set, falling back to default profiles: default
[0;39m
[31m12:46:06.558[background-preinit] WARN  o.s.h.c.j.Jackson2ObjectMapperBuilder - For Jackson Kotlin classes support please add "com.fasterxml.jackson.module:jackson-module-kotlin" to the classpath
[0;39m
[34m12:46:07.367[main] INFO  o.s.d.r.c.RepositoryConfigurationDelegate - Multiple Spring Data modules found, entering strict repository configuration mode!
[0;39m
[34m12:46:07.367[main] INFO  o.s.d.r.c.RepositoryConfigurationDelegate - Bootstrapping Spring Data MongoDB repositories in DEFAULT mode.
[0;39m
[34m12:46:07.432[main] INFO  o.s.d.r.c.RepositoryConfigurationDelegate - Finished Spring Data repository scanning in 61ms. Found 1 MongoDB repository interfaces.
[0;39m
[34m12:46:07.996[main] INFO  o.s.b.w.e.tomcat.TomcatWebServer - Tomcat initialized with port(s): 8001 (http)
[0;39m
[34m12:46:08.004[main] INFO  o.a.coyote.http11.Http11NioProtocol - Initializing ProtocolHandler ["http-nio-8001"]
[0;39m
[34m12:46:08.004[main] INFO  o.a.catalina.core.StandardService - Starting service [Tomcat]
[0;39m
[34m12:46:08.004[main] INFO  o.a.catalina.core.StandardEngine - Starting Servlet engine: [Apache Tomcat/9.0.41]
[0;39m
[34m12:46:08.097[main] INFO  o.a.c.c.C.[.[localhost].[/books] - Initializing Spring embedded WebApplicationContext
[0;39m
[34m12:46:08.097[main] INFO  o.s.b.w.s.c.ServletWebServerApplicationContext - Root WebApplicationContext: initialization completed in 1582 ms
[0;39m
[34m12:46:08.234[main] INFO  org.mongodb.driver.cluster - Cluster created with settings {hosts=[localhost:27017], mode=SINGLE, requiredClusterType=UNKNOWN, serverSelectionTimeout='30000 ms'}
[0;39m
[34m12:46:08.305[cluster-ClusterId{value='6538c0b82906ff1b52079455', description='null'}-localhost:27017] INFO  org.mongodb.driver.connection - Opened connection [connectionId{localValue:1, serverValue:54}] to localhost:27017
[0;39m
[34m12:46:08.309[cluster-ClusterId{value='6538c0b82906ff1b52079455', description='null'}-localhost:27017] INFO  org.mongodb.driver.cluster - Monitor thread successfully connected to server with description ServerDescription{address=localhost:27017, type=STANDALONE, state=CONNECTED, ok=true, minWireVersion=0, maxWireVersion=21, maxDocumentSize=16777216, logicalSessionTimeoutMinutes=30, roundTripTimeNanos=2481699}
[0;39m
[34m12:46:08.473[main] INFO  org.mongodb.driver.connection - Opened connection [connectionId{localValue:2, serverValue:55}] to localhost:27017
[0;39m
[34m12:46:09.218[main] INFO  o.s.s.c.ThreadPoolTaskExecutor - Initializing ExecutorService 'applicationTaskExecutor'
[0;39m
[34m12:46:09.429[main] INFO  o.a.coyote.http11.Http11NioProtocol - Starting ProtocolHandler ["http-nio-8001"]
[0;39m
[34m12:46:09.478[main] INFO  o.s.b.w.e.tomcat.TomcatWebServer - Tomcat started on port(s): 8001 (http) with context path '/books'
[0;39m
[34m12:46:10.074[main] INFO  c.a.l.fiction.service.Application - Started Application in 4.026 seconds (JVM running for 4.32)
[0;39m
[34m12:48:27.559[http-nio-8001-exec-1] INFO  o.a.c.c.C.[.[localhost].[/books] - Initializing Spring DispatcherServlet 'dispatcherServlet'
[0;39m
[34m12:48:27.559[http-nio-8001-exec-1] INFO  o.s.web.servlet.DispatcherServlet - Initializing Servlet 'dispatcherServlet'
[0;39m
[34m12:48:27.564[http-nio-8001-exec-1] INFO  o.s.web.servlet.DispatcherServlet - Completed initialization in 5 ms
[0;39m
[39m12:48:27.618[http-nio-8001-exec-1] DEBUG o.s.data.mongodb.core.MongoTemplate - find using query: { "bookName" : "Eleven Minutes", "authorName" : "Paulo Coelho", "publisherName" : "New Book Publications"} fields: Document{{}} for class: class com.arabbank.librarymanagement.fiction.service.model.entity.FictionBooksEntity in collection: fictionBooks
[0;39m
[34m12:52:14.954[SpringContextShutdownHook] INFO  o.s.s.c.ThreadPoolTaskExecutor - Shutting down ExecutorService 'applicationTaskExecutor'
[0;39m
[34m12:52:14.958[SpringContextShutdownHook] INFO  org.mongodb.driver.connection - Closed connection [connectionId{localValue:2, serverValue:55}] to localhost:27017 because the pool has been closed.
[0;39m
[34m12:52:16.634[main] INFO  c.a.l.fiction.service.Application - Starting Application on LAPTOP-N9NNG75B with PID 17248 (C:\Users\User\Desktop\fiction.service\fiction.service\target\classes started by User in C:\Users\User\Desktop\fiction.service)
[0;39m
[34m12:52:16.636[main] INFO  c.a.l.fiction.service.Application - No active profile set, falling back to default profiles: default
[0;39m
[31m12:52:16.771[background-preinit] WARN  o.s.h.c.j.Jackson2ObjectMapperBuilder - For Jackson Kotlin classes support please add "com.fasterxml.jackson.module:jackson-module-kotlin" to the classpath
[0;39m
[34m12:52:17.525[main] INFO  o.s.d.r.c.RepositoryConfigurationDelegate - Multiple Spring Data modules found, entering strict repository configuration mode!
[0;39m
[34m12:52:17.526[main] INFO  o.s.d.r.c.RepositoryConfigurationDelegate - Bootstrapping Spring Data MongoDB repositories in DEFAULT mode.
[0;39m
[34m12:52:17.582[main] INFO  o.s.d.r.c.RepositoryConfigurationDelegate - Finished Spring Data repository scanning in 52ms. Found 1 MongoDB repository interfaces.
[0;39m
[34m12:52:18.163[main] INFO  o.s.b.w.e.tomcat.TomcatWebServer - Tomcat initialized with port(s): 8001 (http)
[0;39m
[34m12:52:18.170[main] INFO  o.a.coyote.http11.Http11NioProtocol - Initializing ProtocolHandler ["http-nio-8001"]
[0;39m
[34m12:52:18.170[main] INFO  o.a.catalina.core.StandardService - Starting service [Tomcat]
[0;39m
[34m12:52:18.170[main] INFO  o.a.catalina.core.StandardEngine - Starting Servlet engine: [Apache Tomcat/9.0.41]
[0;39m
[34m12:52:18.261[main] INFO  o.a.c.c.C.[.[localhost].[/books] - Initializing Spring embedded WebApplicationContext
[0;39m
[34m12:52:18.261[main] INFO  o.s.b.w.s.c.ServletWebServerApplicationContext - Root WebApplicationContext: initialization completed in 1537 ms
[0;39m
[34m12:52:18.376[main] INFO  org.mongodb.driver.cluster - Cluster created with settings {hosts=[localhost:27017], mode=SINGLE, requiredClusterType=UNKNOWN, serverSelectionTimeout='30000 ms'}
[0;39m
[34m12:52:18.448[cluster-ClusterId{value='6538c22a7351f738ae434b43', description='null'}-localhost:27017] INFO  org.mongodb.driver.connection - Opened connection [connectionId{localValue:1, serverValue:60}] to localhost:27017
[0;39m
[34m12:52:18.457[cluster-ClusterId{value='6538c22a7351f738ae434b43', description='null'}-localhost:27017] INFO  org.mongodb.driver.cluster - Monitor thread successfully connected to server with description ServerDescription{address=localhost:27017, type=STANDALONE, state=CONNECTED, ok=true, minWireVersion=0, maxWireVersion=21, maxDocumentSize=16777216, logicalSessionTimeoutMinutes=30, roundTripTimeNanos=2731700}
[0;39m
[34m12:52:18.645[main] INFO  org.mongodb.driver.connection - Opened connection [connectionId{localValue:2, serverValue:61}] to localhost:27017
[0;39m
[34m12:52:19.491[main] INFO  o.s.s.c.ThreadPoolTaskExecutor - Initializing ExecutorService 'applicationTaskExecutor'
[0;39m
[34m12:52:19.841[main] INFO  o.a.coyote.http11.Http11NioProtocol - Starting ProtocolHandler ["http-nio-8001"]
[0;39m
[34m12:52:19.896[main] INFO  o.s.b.w.e.tomcat.TomcatWebServer - Tomcat started on port(s): 8001 (http) with context path '/books'
[0;39m
[34m12:52:20.201[main] INFO  c.a.l.fiction.service.Application - Started Application in 4.014 seconds (JVM running for 4.417)
[0;39m
[34m12:53:10.939[http-nio-8001-exec-1] INFO  o.a.c.c.C.[.[localhost].[/books] - Initializing Spring DispatcherServlet 'dispatcherServlet'
[0;39m
[34m12:53:10.939[http-nio-8001-exec-1] INFO  o.s.web.servlet.DispatcherServlet - Initializing Servlet 'dispatcherServlet'
[0;39m
[34m12:53:10.943[http-nio-8001-exec-1] INFO  o.s.web.servlet.DispatcherServlet - Completed initialization in 4 ms
[0;39m
[39m12:53:10.994[http-nio-8001-exec-1] DEBUG o.s.data.mongodb.core.MongoTemplate - find using query: { "bookName" : "Eleven Minutes", "authorName" : "Paulo Coelho", "publisherName" : "New Book Publications"} fields: Document{{}} for class: class com.arabbank.librarymanagement.fiction.service.model.entity.FictionBooksEntity in collection: fictionBooks
[0;39m
[39m12:54:25.598[http-nio-8001-exec-3] DEBUG o.s.data.mongodb.core.MongoTemplate - find using query: { "bookName" : "Eleven Minutes", "authorName" : "Paulo Coelho", "publisherName" : "New Book Publications"} fields: Document{{}} for class: class com.arabbank.librarymanagement.fiction.service.model.entity.FictionBooksEntity in collection: fictionBooks
[0;39m
[39m12:56:07.760[http-nio-8001-exec-5] DEBUG o.s.data.mongodb.core.MongoTemplate - find using query: { "bookName" : "Eleven Minutes", "authorName" : "Paulo Coelho", "publisherName" : "New Book Publications"} fields: Document{{}} for class: class com.arabbank.librarymanagement.fiction.service.model.entity.FictionBooksEntity in collection: fictionBooks
[0;39m
[39m12:59:00.637[http-nio-8001-exec-7] DEBUG o.s.data.mongodb.core.MongoTemplate - find using query: { "bookName" : "Eleven Minutes", "authorName" : "Paulo Coelho", "publisherName" : "New Book Publications"} fields: Document{{}} for class: class com.arabbank.librarymanagement.fiction.service.model.entity.FictionBooksEntity in collection: fictionBooks
[0;39m
[39m13:00:30.026[http-nio-8001-exec-9] DEBUG o.s.data.mongodb.core.MongoTemplate - find using query: { "authorName" : "Paulo Coelho"} fields: Document{{}} for class: class com.arabbank.librarymanagement.fiction.service.model.entity.FictionBooksEntity in collection: fictionBooks
[0;39m
[39m13:00:40.474[http-nio-8001-exec-10] DEBUG o.s.data.mongodb.core.MongoTemplate - find using query: { "authorName" : "Paulo Coelho", "publisherName" : "New Book Publications"} fields: Document{{}} for class: class com.arabbank.librarymanagement.fiction.service.model.entity.FictionBooksEntity in collection: fictionBooks
[0;39m
[39m13:02:39.316[http-nio-8001-exec-2] DEBUG o.s.data.mongodb.core.MongoTemplate - find using query: { "authorName" : "Paulo Coelho"} fields: Document{{}} for class: class com.arabbank.librarymanagement.fiction.service.model.entity.FictionBooksEntity in collection: fictionBooks
[0;39m
