[34m09:04:57.995[main] INFO  c.a.l.nonfiction.service.Application - Starting Application using Java 18 with PID 14636 (C:\Users\User\Desktop\nonfiction.service (1)\nonfiction.service\target\classes started by User in C:\Users\User\Desktop\nonfiction.service (1))
[0;39m
[34m09:04:57.996[main] INFO  c.a.l.nonfiction.service.Application - No active profile set, falling back to 1 default profile: "default"
[0;39m
[34m09:04:59.125[main] INFO  o.s.d.r.c.RepositoryConfigurationDelegate - Multiple Spring Data modules found, entering strict repository configuration mode
[0;39m
[34m09:04:59.126[main] INFO  o.s.d.r.c.RepositoryConfigurationDelegate - Bootstrapping Spring Data MongoDB repositories in DEFAULT mode.
[0;39m
[34m09:04:59.180[main] INFO  o.s.d.r.c.RepositoryConfigurationDelegate - Finished Spring Data repository scanning in 49 ms. Found 1 MongoDB repository interfaces.
[0;39m
[34m09:04:59.794[main] INFO  o.s.b.w.e.tomcat.TomcatWebServer - Tomcat initialized with port(s): 8002 (http)
[0;39m
[34m09:04:59.803[main] INFO  o.a.coyote.http11.Http11NioProtocol - Initializing ProtocolHandler ["http-nio-8002"]
[0;39m
[34m09:04:59.805[main] INFO  o.a.catalina.core.StandardService - Starting service [Tomcat]
[0;39m
[34m09:04:59.806[main] INFO  o.a.catalina.core.StandardEngine - Starting Servlet engine: [Apache Tomcat/10.1.15]
[0;39m
[34m09:04:59.901[main] INFO  o.a.c.c.C.[.[localhost].[/books] - Initializing Spring embedded WebApplicationContext
[0;39m
[34m09:04:59.901[main] INFO  o.s.b.w.s.c.ServletWebServerApplicationContext - Root WebApplicationContext: initialization completed in 1715 ms
[0;39m
[34m09:05:00.214[main] INFO  org.mongodb.driver.client - MongoClient with metadata {"driver": {"name": "mongo-java-driver|sync|spring-boot", "version": "4.9.1"}, "os": {"type": "Windows", "name": "Windows 11", "architecture": "amd64", "version": "10.0"}, "platform": "Java/Oracle Corporation/18+36-2087"} created with settings MongoClientSettings{readPreference=primary, writeConcern=WriteConcern{w=null, wTimeout=null ms, journal=null}, retryWrites=true, retryReads=true, readConcern=ReadConcern{level=null}, credential=null, streamFactoryFactory=null, commandListeners=[], codecRegistry=ProvidersCodecRegistry{codecProviders=[ValueCodecProvider{}, BsonValueCodecProvider{}, DBRefCodecProvider{}, DBObjectCodecProvider{}, DocumentCodecProvider{}, CollectionCodecProvider{}, IterableCodecProvider{}, MapCodecProvider{}, GeoJsonCodecProvider{}, GridFSFileCodecProvider{}, Jsr310CodecProvider{}, JsonObjectCodecProvider{}, BsonCodecProvider{}, EnumCodecProvider{}, com.mongodb.client.model.mql.ExpressionCodecProvider@7645f03e, com.mongodb.Jep395RecordCodecProvider@158e9f6e]}, loggerSettings=LoggerSettings{maxDocumentLength=1000}, clusterSettings={hosts=[localhost:27017], srvServiceName=mongodb, mode=SINGLE, requiredClusterType=UNKNOWN, requiredReplicaSetName='null', serverSelector='null', clusterListeners='[]', serverSelectionTimeout='30000 ms', localThreshold='30000 ms'}, socketSettings=SocketSettings{connectTimeoutMS=10000, readTimeoutMS=0, receiveBufferSize=0, sendBufferSize=0}, heartbeatSocketSettings=SocketSettings{connectTimeoutMS=10000, readTimeoutMS=10000, receiveBufferSize=0, sendBufferSize=0}, connectionPoolSettings=ConnectionPoolSettings{maxSize=100, minSize=0, maxWaitTimeMS=120000, maxConnectionLifeTimeMS=0, maxConnectionIdleTimeMS=0, maintenanceInitialDelayMS=0, maintenanceFrequencyMS=60000, connectionPoolListeners=[], maxConnecting=2}, serverSettings=ServerSettings{heartbeatFrequencyMS=10000, minHeartbeatFrequencyMS=500, serverListeners='[]', serverMonitorListeners='[]'}, sslSettings=SslSettings{enabled=false, invalidHostNameAllowed=false, context=null}, applicationName='null', compressorList=[], uuidRepresentation=JAVA_LEGACY, serverApi=null, autoEncryptionSettings=null, contextProvider=null}
[0;39m
[34m09:05:00.244[cluster-ClusterId{value='65388ce454b8ca7d7b7d66dc', description='null'}-localhost:27017] INFO  org.mongodb.driver.cluster - Monitor thread successfully connected to server with description ServerDescription{address=localhost:27017, type=STANDALONE, state=CONNECTED, ok=true, minWireVersion=0, maxWireVersion=21, maxDocumentSize=16777216, logicalSessionTimeoutMinutes=30, roundTripTimeNanos=33087700}
[0;39m
[34m09:05:00.900[main] INFO  o.a.coyote.http11.Http11NioProtocol - Starting ProtocolHandler ["http-nio-8002"]
[0;39m
[34m09:05:00.925[main] INFO  o.s.b.w.e.tomcat.TomcatWebServer - Tomcat started on port(s): 8002 (http) with context path '/books'
[0;39m
[34m09:05:00.929[main] INFO  c.a.l.nonfiction.service.Application - Started Application in 3.585 seconds (process running for 3.986)
[0;39m
[34m09:05:13.641[http-nio-8002-exec-1] INFO  o.a.c.c.C.[.[localhost].[/books] - Initializing Spring DispatcherServlet 'dispatcherServlet'
[0;39m
[34m09:05:13.642[http-nio-8002-exec-1] INFO  o.s.web.servlet.DispatcherServlet - Initializing Servlet 'dispatcherServlet'
[0;39m
[34m09:05:13.643[http-nio-8002-exec-1] INFO  o.s.web.servlet.DispatcherServlet - Completed initialization in 1 ms
[0;39m
[34m09:11:32.634[main] INFO  c.a.l.nonfiction.service.Application - Starting Application using Java 18 with PID 13512 (C:\Users\User\Desktop\nonfiction.service (1)\nonfiction.service\target\classes started by User in C:\Users\User\Desktop\nonfiction.service (1))
[0;39m
[34m09:11:32.636[main] INFO  c.a.l.nonfiction.service.Application - No active profile set, falling back to 1 default profile: "default"
[0;39m
[34m09:11:33.309[main] INFO  o.s.d.r.c.RepositoryConfigurationDelegate - Multiple Spring Data modules found, entering strict repository configuration mode
[0;39m
[34m09:11:33.310[main] INFO  o.s.d.r.c.RepositoryConfigurationDelegate - Bootstrapping Spring Data MongoDB repositories in DEFAULT mode.
[0;39m
[34m09:11:33.364[main] INFO  o.s.d.r.c.RepositoryConfigurationDelegate - Finished Spring Data repository scanning in 50 ms. Found 1 MongoDB repository interfaces.
[0;39m
[34m09:11:33.861[main] INFO  o.s.b.w.e.tomcat.TomcatWebServer - Tomcat initialized with port(s): 8002 (http)
[0;39m
[34m09:11:33.869[main] INFO  o.a.coyote.http11.Http11NioProtocol - Initializing ProtocolHandler ["http-nio-8002"]
[0;39m
[34m09:11:33.871[main] INFO  o.a.catalina.core.StandardService - Starting service [Tomcat]
[0;39m
[34m09:11:33.871[main] INFO  o.a.catalina.core.StandardEngine - Starting Servlet engine: [Apache Tomcat/10.1.15]
[0;39m
[34m09:11:33.958[main] INFO  o.a.c.c.C.[.[localhost].[/books] - Initializing Spring embedded WebApplicationContext
[0;39m
[34m09:11:33.958[main] INFO  o.s.b.w.s.c.ServletWebServerApplicationContext - Root WebApplicationContext: initialization completed in 1256 ms
[0;39m
[34m09:11:34.155[main] INFO  org.mongodb.driver.client - MongoClient with metadata {"driver": {"name": "mongo-java-driver|sync|spring-boot", "version": "4.9.1"}, "os": {"type": "Windows", "name": "Windows 11", "architecture": "amd64", "version": "10.0"}, "platform": "Java/Oracle Corporation/18+36-2087"} created with settings MongoClientSettings{readPreference=primary, writeConcern=WriteConcern{w=null, wTimeout=null ms, journal=null}, retryWrites=true, retryReads=true, readConcern=ReadConcern{level=null}, credential=null, streamFactoryFactory=null, commandListeners=[], codecRegistry=ProvidersCodecRegistry{codecProviders=[ValueCodecProvider{}, BsonValueCodecProvider{}, DBRefCodecProvider{}, DBObjectCodecProvider{}, DocumentCodecProvider{}, CollectionCodecProvider{}, IterableCodecProvider{}, MapCodecProvider{}, GeoJsonCodecProvider{}, GridFSFileCodecProvider{}, Jsr310CodecProvider{}, JsonObjectCodecProvider{}, BsonCodecProvider{}, EnumCodecProvider{}, com.mongodb.client.model.mql.ExpressionCodecProvider@7645f03e, com.mongodb.Jep395RecordCodecProvider@158e9f6e]}, loggerSettings=LoggerSettings{maxDocumentLength=1000}, clusterSettings={hosts=[localhost:27017], srvServiceName=mongodb, mode=SINGLE, requiredClusterType=UNKNOWN, requiredReplicaSetName='null', serverSelector='null', clusterListeners='[]', serverSelectionTimeout='30000 ms', localThreshold='30000 ms'}, socketSettings=SocketSettings{connectTimeoutMS=10000, readTimeoutMS=0, receiveBufferSize=0, sendBufferSize=0}, heartbeatSocketSettings=SocketSettings{connectTimeoutMS=10000, readTimeoutMS=10000, receiveBufferSize=0, sendBufferSize=0}, connectionPoolSettings=ConnectionPoolSettings{maxSize=100, minSize=0, maxWaitTimeMS=120000, maxConnectionLifeTimeMS=0, maxConnectionIdleTimeMS=0, maintenanceInitialDelayMS=0, maintenanceFrequencyMS=60000, connectionPoolListeners=[], maxConnecting=2}, serverSettings=ServerSettings{heartbeatFrequencyMS=10000, minHeartbeatFrequencyMS=500, serverListeners='[]', serverMonitorListeners='[]'}, sslSettings=SslSettings{enabled=false, invalidHostNameAllowed=false, context=null}, applicationName='null', compressorList=[], uuidRepresentation=JAVA_LEGACY, serverApi=null, autoEncryptionSettings=null, contextProvider=null}
[0;39m
[34m09:11:34.174[cluster-ClusterId{value='65388e6ec240b77f0af73ddf', description='null'}-localhost:27017] INFO  org.mongodb.driver.cluster - Monitor thread successfully connected to server with description ServerDescription{address=localhost:27017, type=STANDALONE, state=CONNECTED, ok=true, minWireVersion=0, maxWireVersion=21, maxDocumentSize=16777216, logicalSessionTimeoutMinutes=30, roundTripTimeNanos=21828200}
[0;39m
[34m09:11:34.760[main] INFO  o.a.coyote.http11.Http11NioProtocol - Starting ProtocolHandler ["http-nio-8002"]
[0;39m
[34m09:11:34.777[main] INFO  o.s.b.w.e.tomcat.TomcatWebServer - Tomcat started on port(s): 8002 (http) with context path '/books'
[0;39m
[34m09:11:34.786[main] INFO  c.a.l.nonfiction.service.Application - Started Application in 2.667 seconds (process running for 2.98)
[0;39m
[34m09:11:52.706[http-nio-8002-exec-1] INFO  o.a.c.c.C.[.[localhost].[/books] - Initializing Spring DispatcherServlet 'dispatcherServlet'
[0;39m
[34m09:11:52.707[http-nio-8002-exec-1] INFO  o.s.web.servlet.DispatcherServlet - Initializing Servlet 'dispatcherServlet'
[0;39m
[34m09:11:52.707[http-nio-8002-exec-1] INFO  o.s.web.servlet.DispatcherServlet - Completed initialization in 0 ms
[0;39m
[34m09:12:59.659[main] INFO  c.a.l.nonfiction.service.Application - Starting Application on LAPTOP-N9NNG75B with PID 6684 (C:\Users\User\Desktop\nonfiction.service (1)\nonfiction.service\target\classes started by User in C:\Users\User\Desktop\nonfiction.service (1))
[0;39m
[34m09:12:59.662[main] INFO  c.a.l.nonfiction.service.Application - No active profile set, falling back to default profiles: default
[0;39m
[31m09:12:59.727[background-preinit] WARN  o.s.h.c.j.Jackson2ObjectMapperBuilder - For Jackson Kotlin classes support please add "com.fasterxml.jackson.module:jackson-module-kotlin" to the classpath
[0;39m
[34m09:13:00.617[main] INFO  o.s.d.r.c.RepositoryConfigurationDelegate - Multiple Spring Data modules found, entering strict repository configuration mode!
[0;39m
[34m09:13:00.618[main] INFO  o.s.d.r.c.RepositoryConfigurationDelegate - Bootstrapping Spring Data MongoDB repositories in DEFAULT mode.
[0;39m
[34m09:13:00.676[main] INFO  o.s.d.r.c.RepositoryConfigurationDelegate - Finished Spring Data repository scanning in 53ms. Found 1 MongoDB repository interfaces.
[0;39m
[34m09:13:01.297[main] INFO  o.s.b.w.e.tomcat.TomcatWebServer - Tomcat initialized with port(s): 8002 (http)
[0;39m
[34m09:13:01.302[main] INFO  o.a.coyote.http11.Http11NioProtocol - Initializing ProtocolHandler ["http-nio-8002"]
[0;39m
[34m09:13:01.302[main] INFO  o.a.catalina.core.StandardService - Starting service [Tomcat]
[0;39m
[34m09:13:01.303[main] INFO  o.a.catalina.core.StandardEngine - Starting Servlet engine: [Apache Tomcat/9.0.41]
[0;39m
[34m09:13:01.401[main] INFO  o.a.c.c.C.[.[localhost].[/books] - Initializing Spring embedded WebApplicationContext
[0;39m
[34m09:13:01.402[main] INFO  o.s.b.w.s.c.ServletWebServerApplicationContext - Root WebApplicationContext: initialization completed in 1694 ms
[0;39m
[34m09:13:01.525[main] INFO  org.mongodb.driver.cluster - Cluster created with settings {hosts=[localhost:27017], mode=SINGLE, requiredClusterType=UNKNOWN, serverSelectionTimeout='30000 ms'}
[0;39m
[34m09:13:01.600[cluster-ClusterId{value='65388ec51b03303d119d61cc', description='null'}-localhost:27017] INFO  org.mongodb.driver.connection - Opened connection [connectionId{localValue:1, serverValue:9}] to localhost:27017
[0;39m
[34m09:13:01.604[cluster-ClusterId{value='65388ec51b03303d119d61cc', description='null'}-localhost:27017] INFO  org.mongodb.driver.cluster - Monitor thread successfully connected to server with description ServerDescription{address=localhost:27017, type=STANDALONE, state=CONNECTED, ok=true, minWireVersion=0, maxWireVersion=21, maxDocumentSize=16777216, logicalSessionTimeoutMinutes=30, roundTripTimeNanos=2326000}
[0;39m
[34m09:13:01.761[main] INFO  org.mongodb.driver.connection - Opened connection [connectionId{localValue:2, serverValue:10}] to localhost:27017
[0;39m
[34m09:13:02.543[main] INFO  o.s.s.c.ThreadPoolTaskExecutor - Initializing ExecutorService 'applicationTaskExecutor'
[0;39m
[34m09:13:02.850[main] INFO  o.a.coyote.http11.Http11NioProtocol - Starting ProtocolHandler ["http-nio-8002"]
[0;39m
[34m09:13:02.904[main] INFO  o.s.b.w.e.tomcat.TomcatWebServer - Tomcat started on port(s): 8002 (http) with context path '/books'
[0;39m
[34m09:13:03.278[main] INFO  c.a.l.nonfiction.service.Application - Started Application in 4.091 seconds (JVM running for 4.556)
[0;39m
[34m09:13:16.815[http-nio-8002-exec-1] INFO  o.a.c.c.C.[.[localhost].[/books] - Initializing Spring DispatcherServlet 'dispatcherServlet'
[0;39m
[34m09:13:16.815[http-nio-8002-exec-1] INFO  o.s.web.servlet.DispatcherServlet - Initializing Servlet 'dispatcherServlet'
[0;39m
[34m09:13:16.819[http-nio-8002-exec-1] INFO  o.s.web.servlet.DispatcherServlet - Completed initialization in 3 ms
[0;39m
[34m09:15:35.991[SpringContextShutdownHook] INFO  o.s.s.c.ThreadPoolTaskExecutor - Shutting down ExecutorService 'applicationTaskExecutor'
[0;39m
[34m09:15:35.996[SpringContextShutdownHook] INFO  org.mongodb.driver.connection - Closed connection [connectionId{localValue:2, serverValue:10}] to localhost:27017 because the pool has been closed.
[0;39m
[34m09:15:37.737[main] INFO  c.a.l.nonfiction.service.Application - Starting Application on LAPTOP-N9NNG75B with PID 4848 (C:\Users\User\Desktop\nonfiction.service (1)\nonfiction.service\target\classes started by User in C:\Users\User\Desktop\nonfiction.service (1))
[0;39m
[34m09:15:37.743[main] INFO  c.a.l.nonfiction.service.Application - No active profile set, falling back to default profiles: default
[0;39m
[31m09:15:37.862[background-preinit] WARN  o.s.h.c.j.Jackson2ObjectMapperBuilder - For Jackson Kotlin classes support please add "com.fasterxml.jackson.module:jackson-module-kotlin" to the classpath
[0;39m
[34m09:15:38.669[main] INFO  o.s.d.r.c.RepositoryConfigurationDelegate - Multiple Spring Data modules found, entering strict repository configuration mode!
[0;39m
[34m09:15:38.670[main] INFO  o.s.d.r.c.RepositoryConfigurationDelegate - Bootstrapping Spring Data MongoDB repositories in DEFAULT mode.
[0;39m
[34m09:15:38.740[main] INFO  o.s.d.r.c.RepositoryConfigurationDelegate - Finished Spring Data repository scanning in 66ms. Found 1 MongoDB repository interfaces.
[0;39m
[34m09:15:39.296[main] INFO  o.s.b.w.e.tomcat.TomcatWebServer - Tomcat initialized with port(s): 8002 (http)
[0;39m
[34m09:15:39.303[main] INFO  o.a.coyote.http11.Http11NioProtocol - Initializing ProtocolHandler ["http-nio-8002"]
[0;39m
[34m09:15:39.303[main] INFO  o.a.catalina.core.StandardService - Starting service [Tomcat]
[0;39m
[34m09:15:39.303[main] INFO  o.a.catalina.core.StandardEngine - Starting Servlet engine: [Apache Tomcat/9.0.41]
[0;39m
[34m09:15:39.402[main] INFO  o.a.c.c.C.[.[localhost].[/nonbooks] - Initializing Spring embedded WebApplicationContext
[0;39m
[34m09:15:39.402[main] INFO  o.s.b.w.s.c.ServletWebServerApplicationContext - Root WebApplicationContext: initialization completed in 1572 ms
[0;39m
[34m09:15:39.508[main] INFO  org.mongodb.driver.cluster - Cluster created with settings {hosts=[localhost:27017], mode=SINGLE, requiredClusterType=UNKNOWN, serverSelectionTimeout='30000 ms'}
[0;39m
[34m09:15:39.558[cluster-ClusterId{value='65388f63b3771a287b62d864', description='null'}-localhost:27017] INFO  org.mongodb.driver.connection - Opened connection [connectionId{localValue:1, serverValue:13}] to localhost:27017
[0;39m
[34m09:15:39.562[cluster-ClusterId{value='65388f63b3771a287b62d864', description='null'}-localhost:27017] INFO  org.mongodb.driver.cluster - Monitor thread successfully connected to server with description ServerDescription{address=localhost:27017, type=STANDALONE, state=CONNECTED, ok=true, minWireVersion=0, maxWireVersion=21, maxDocumentSize=16777216, logicalSessionTimeoutMinutes=30, roundTripTimeNanos=3258200}
[0;39m
[34m09:15:39.714[main] INFO  org.mongodb.driver.connection - Opened connection [connectionId{localValue:2, serverValue:14}] to localhost:27017
[0;39m
[34m09:15:40.631[main] INFO  o.s.s.c.ThreadPoolTaskExecutor - Initializing ExecutorService 'applicationTaskExecutor'
[0;39m
[34m09:15:40.941[main] INFO  o.a.coyote.http11.Http11NioProtocol - Starting ProtocolHandler ["http-nio-8002"]
[0;39m
[34m09:15:40.994[main] INFO  o.s.b.w.e.tomcat.TomcatWebServer - Tomcat started on port(s): 8002 (http) with context path '/nonbooks'
[0;39m
[34m09:15:41.444[main] INFO  c.a.l.nonfiction.service.Application - Started Application in 4.164 seconds (JVM running for 4.517)
[0;39m
[34m09:15:49.647[http-nio-8002-exec-1] INFO  o.a.c.c.C.[.[localhost].[/nonbooks] - Initializing Spring DispatcherServlet 'dispatcherServlet'
[0;39m
[34m09:15:49.648[http-nio-8002-exec-1] INFO  o.s.web.servlet.DispatcherServlet - Initializing Servlet 'dispatcherServlet'
[0;39m
[34m09:15:49.652[http-nio-8002-exec-1] INFO  o.s.web.servlet.DispatcherServlet - Completed initialization in 4 ms
[0;39m
[34m09:22:55.713[SpringContextShutdownHook] INFO  o.s.s.c.ThreadPoolTaskExecutor - Shutting down ExecutorService 'applicationTaskExecutor'
[0;39m
[34m09:22:55.722[SpringContextShutdownHook] INFO  org.mongodb.driver.connection - Closed connection [connectionId{localValue:2, serverValue:14}] to localhost:27017 because the pool has been closed.
[0;39m
[34m09:22:57.336[main] INFO  c.a.l.nonfiction.service.Application - Starting Application on LAPTOP-N9NNG75B with PID 18904 (C:\Users\User\Desktop\nonfiction.service (1)\nonfiction.service\target\classes started by User in C:\Users\User\Desktop\nonfiction.service (1))
[0;39m
[34m09:22:57.341[main] INFO  c.a.l.nonfiction.service.Application - No active profile set, falling back to default profiles: default
[0;39m
[31m09:22:57.440[background-preinit] WARN  o.s.h.c.j.Jackson2ObjectMapperBuilder - For Jackson Kotlin classes support please add "com.fasterxml.jackson.module:jackson-module-kotlin" to the classpath
[0;39m
[34m09:22:58.256[main] INFO  o.s.d.r.c.RepositoryConfigurationDelegate - Multiple Spring Data modules found, entering strict repository configuration mode!
[0;39m
[34m09:22:58.258[main] INFO  o.s.d.r.c.RepositoryConfigurationDelegate - Bootstrapping Spring Data MongoDB repositories in DEFAULT mode.
[0;39m
[34m09:22:58.320[main] INFO  o.s.d.r.c.RepositoryConfigurationDelegate - Finished Spring Data repository scanning in 52ms. Found 1 MongoDB repository interfaces.
[0;39m
[34m09:22:58.921[main] INFO  o.s.b.w.e.tomcat.TomcatWebServer - Tomcat initialized with port(s): 8002 (http)
[0;39m
[34m09:22:58.927[main] INFO  o.a.coyote.http11.Http11NioProtocol - Initializing ProtocolHandler ["http-nio-8002"]
[0;39m
[34m09:22:58.927[main] INFO  o.a.catalina.core.StandardService - Starting service [Tomcat]
[0;39m
[34m09:22:58.927[main] INFO  o.a.catalina.core.StandardEngine - Starting Servlet engine: [Apache Tomcat/9.0.41]
[0;39m
[34m09:22:59.020[main] INFO  o.a.c.c.C.[.[localhost].[/books] - Initializing Spring embedded WebApplicationContext
[0;39m
[34m09:22:59.021[main] INFO  o.s.b.w.s.c.ServletWebServerApplicationContext - Root WebApplicationContext: initialization completed in 1626 ms
[0;39m
[34m09:22:59.157[main] INFO  org.mongodb.driver.cluster - Cluster created with settings {hosts=[localhost:27017], mode=SINGLE, requiredClusterType=UNKNOWN, serverSelectionTimeout='30000 ms'}
[0;39m
[34m09:22:59.243[cluster-ClusterId{value='6538911b73e44b51b71f306c', description='null'}-localhost:27017] INFO  org.mongodb.driver.connection - Opened connection [connectionId{localValue:1, serverValue:15}] to localhost:27017
[0;39m
[34m09:22:59.266[cluster-ClusterId{value='6538911b73e44b51b71f306c', description='null'}-localhost:27017] INFO  org.mongodb.driver.cluster - Monitor thread successfully connected to server with description ServerDescription{address=localhost:27017, type=STANDALONE, state=CONNECTED, ok=true, minWireVersion=0, maxWireVersion=21, maxDocumentSize=16777216, logicalSessionTimeoutMinutes=30, roundTripTimeNanos=20853800}
[0;39m
[34m09:22:59.407[main] INFO  org.mongodb.driver.connection - Opened connection [connectionId{localValue:2, serverValue:16}] to localhost:27017
[0;39m
[34m09:23:00.127[main] INFO  o.s.s.c.ThreadPoolTaskExecutor - Initializing ExecutorService 'applicationTaskExecutor'
[0;39m
[34m09:23:00.405[main] INFO  o.a.coyote.http11.Http11NioProtocol - Starting ProtocolHandler ["http-nio-8002"]
[0;39m
[34m09:23:00.456[main] INFO  o.s.b.w.e.tomcat.TomcatWebServer - Tomcat started on port(s): 8002 (http) with context path '/books'
[0;39m
[34m09:23:00.855[main] INFO  c.a.l.nonfiction.service.Application - Started Application in 3.878 seconds (JVM running for 4.25)
[0;39m
[34m09:23:01.640[http-nio-8002-exec-1] INFO  o.a.c.c.C.[.[localhost].[/books] - Initializing Spring DispatcherServlet 'dispatcherServlet'
[0;39m
[34m09:23:01.640[http-nio-8002-exec-1] INFO  o.s.web.servlet.DispatcherServlet - Initializing Servlet 'dispatcherServlet'
[0;39m
[34m09:23:01.645[http-nio-8002-exec-1] INFO  o.s.web.servlet.DispatcherServlet - Completed initialization in 5 ms
[0;39m
[34m09:23:39.505[SpringContextShutdownHook] INFO  o.s.s.c.ThreadPoolTaskExecutor - Shutting down ExecutorService 'applicationTaskExecutor'
[0;39m
[34m09:23:39.510[SpringContextShutdownHook] INFO  org.mongodb.driver.connection - Closed connection [connectionId{localValue:2, serverValue:16}] to localhost:27017 because the pool has been closed.
[0;39m
[34m09:23:41.163[main] INFO  c.a.l.nonfiction.service.Application - Starting Application on LAPTOP-N9NNG75B with PID 8944 (C:\Users\User\Desktop\nonfiction.service (1)\nonfiction.service\target\classes started by User in C:\Users\User\Desktop\nonfiction.service (1))
[0;39m
[34m09:23:41.166[main] INFO  c.a.l.nonfiction.service.Application - No active profile set, falling back to default profiles: default
[0;39m
[31m09:23:41.311[background-preinit] WARN  o.s.h.c.j.Jackson2ObjectMapperBuilder - For Jackson Kotlin classes support please add "com.fasterxml.jackson.module:jackson-module-kotlin" to the classpath
[0;39m
[34m09:23:42.079[main] INFO  o.s.d.r.c.RepositoryConfigurationDelegate - Multiple Spring Data modules found, entering strict repository configuration mode!
[0;39m
[34m09:23:42.079[main] INFO  o.s.d.r.c.RepositoryConfigurationDelegate - Bootstrapping Spring Data MongoDB repositories in DEFAULT mode.
[0;39m
[34m09:23:42.148[main] INFO  o.s.d.r.c.RepositoryConfigurationDelegate - Finished Spring Data repository scanning in 65ms. Found 1 MongoDB repository interfaces.
[0;39m
[34m09:23:42.797[main] INFO  o.s.b.w.e.tomcat.TomcatWebServer - Tomcat initialized with port(s): 8002 (http)
[0;39m
[34m09:23:42.804[main] INFO  o.a.coyote.http11.Http11NioProtocol - Initializing ProtocolHandler ["http-nio-8002"]
[0;39m
[34m09:23:42.804[main] INFO  o.a.catalina.core.StandardService - Starting service [Tomcat]
[0;39m
[34m09:23:42.804[main] INFO  o.a.catalina.core.StandardEngine - Starting Servlet engine: [Apache Tomcat/9.0.41]
[0;39m
[34m09:23:42.889[main] INFO  o.a.c.c.C.[.[localhost].[/books] - Initializing Spring embedded WebApplicationContext
[0;39m
[34m09:23:42.889[main] INFO  o.s.b.w.s.c.ServletWebServerApplicationContext - Root WebApplicationContext: initialization completed in 1633 ms
[0;39m
[34m09:23:43.019[main] INFO  org.mongodb.driver.cluster - Cluster created with settings {hosts=[localhost:27017], mode=SINGLE, requiredClusterType=UNKNOWN, serverSelectionTimeout='30000 ms'}
[0;39m
[34m09:23:43.062[cluster-ClusterId{value='653891479dd77f50d73c49eb', description='null'}-localhost:27017] INFO  org.mongodb.driver.connection - Opened connection [connectionId{localValue:1, serverValue:17}] to localhost:27017
[0;39m
[34m09:23:43.065[cluster-ClusterId{value='653891479dd77f50d73c49eb', description='null'}-localhost:27017] INFO  org.mongodb.driver.cluster - Monitor thread successfully connected to server with description ServerDescription{address=localhost:27017, type=STANDALONE, state=CONNECTED, ok=true, minWireVersion=0, maxWireVersion=21, maxDocumentSize=16777216, logicalSessionTimeoutMinutes=30, roundTripTimeNanos=2496300}
[0;39m
[34m09:23:43.252[main] INFO  org.mongodb.driver.connection - Opened connection [connectionId{localValue:2, serverValue:18}] to localhost:27017
[0;39m
[34m09:23:44.199[main] INFO  o.s.s.c.ThreadPoolTaskExecutor - Initializing ExecutorService 'applicationTaskExecutor'
[0;39m
[34m09:23:44.506[main] INFO  o.a.coyote.http11.Http11NioProtocol - Starting ProtocolHandler ["http-nio-8002"]
[0;39m
[34m09:23:44.553[main] INFO  o.s.b.w.e.tomcat.TomcatWebServer - Tomcat started on port(s): 8002 (http) with context path '/books'
[0;39m
[34m09:23:44.933[main] INFO  c.a.l.nonfiction.service.Application - Started Application in 4.24 seconds (JVM running for 4.619)
[0;39m
[34m09:24:25.557[SpringContextShutdownHook] INFO  o.s.s.c.ThreadPoolTaskExecutor - Shutting down ExecutorService 'applicationTaskExecutor'
[0;39m
[34m09:24:25.563[SpringContextShutdownHook] INFO  org.mongodb.driver.connection - Closed connection [connectionId{localValue:2, serverValue:18}] to localhost:27017 because the pool has been closed.
[0;39m
[34m09:24:28.681[main] INFO  c.a.l.nonfiction.service.Application - Starting Application on LAPTOP-N9NNG75B with PID 8048 (C:\Users\User\Desktop\nonfiction.service (1)\nonfiction.service\target\classes started by User in C:\Users\User\Desktop\nonfiction.service (1))
[0;39m
[34m09:24:28.684[main] INFO  c.a.l.nonfiction.service.Application - No active profile set, falling back to default profiles: default
[0;39m
[31m09:24:28.775[background-preinit] WARN  o.s.h.c.j.Jackson2ObjectMapperBuilder - For Jackson Kotlin classes support please add "com.fasterxml.jackson.module:jackson-module-kotlin" to the classpath
[0;39m
[34m09:24:29.544[main] INFO  o.s.d.r.c.RepositoryConfigurationDelegate - Multiple Spring Data modules found, entering strict repository configuration mode!
[0;39m
[34m09:24:29.545[main] INFO  o.s.d.r.c.RepositoryConfigurationDelegate - Bootstrapping Spring Data MongoDB repositories in DEFAULT mode.
[0;39m
[34m09:24:29.611[main] INFO  o.s.d.r.c.RepositoryConfigurationDelegate - Finished Spring Data repository scanning in 63ms. Found 1 MongoDB repository interfaces.
[0;39m
[34m09:24:30.300[main] INFO  o.s.b.w.e.tomcat.TomcatWebServer - Tomcat initialized with port(s): 8002 (http)
[0;39m
[34m09:24:30.306[main] INFO  o.a.coyote.http11.Http11NioProtocol - Initializing ProtocolHandler ["http-nio-8002"]
[0;39m
[34m09:24:30.306[main] INFO  o.a.catalina.core.StandardService - Starting service [Tomcat]
[0;39m
[34m09:24:30.306[main] INFO  o.a.catalina.core.StandardEngine - Starting Servlet engine: [Apache Tomcat/9.0.41]
[0;39m
[34m09:24:30.407[main] INFO  o.a.c.c.C.[.[localhost].[/books] - Initializing Spring embedded WebApplicationContext
[0;39m
[34m09:24:30.407[main] INFO  o.s.b.w.s.c.ServletWebServerApplicationContext - Root WebApplicationContext: initialization completed in 1675 ms
[0;39m
[34m09:24:30.525[main] INFO  org.mongodb.driver.cluster - Cluster created with settings {hosts=[localhost:27017], mode=SINGLE, requiredClusterType=UNKNOWN, serverSelectionTimeout='30000 ms'}
[0;39m
[34m09:24:30.579[cluster-ClusterId{value='65389176e478203ecc3a7314', description='null'}-localhost:27017] INFO  org.mongodb.driver.connection - Opened connection [connectionId{localValue:1, serverValue:19}] to localhost:27017
[0;39m
[34m09:24:30.583[cluster-ClusterId{value='65389176e478203ecc3a7314', description='null'}-localhost:27017] INFO  org.mongodb.driver.cluster - Monitor thread successfully connected to server with description ServerDescription{address=localhost:27017, type=STANDALONE, state=CONNECTED, ok=true, minWireVersion=0, maxWireVersion=21, maxDocumentSize=16777216, logicalSessionTimeoutMinutes=30, roundTripTimeNanos=2208500}
[0;39m
[34m09:24:30.735[main] INFO  org.mongodb.driver.connection - Opened connection [connectionId{localValue:2, serverValue:20}] to localhost:27017
[0;39m
[34m09:24:31.538[main] INFO  o.s.s.c.ThreadPoolTaskExecutor - Initializing ExecutorService 'applicationTaskExecutor'
[0;39m
[34m09:24:31.865[main] INFO  o.a.coyote.http11.Http11NioProtocol - Starting ProtocolHandler ["http-nio-8002"]
[0;39m
[34m09:24:31.929[main] INFO  o.s.b.w.e.tomcat.TomcatWebServer - Tomcat started on port(s): 8002 (http) with context path '/books'
[0;39m
[34m09:24:32.283[http-nio-8002-exec-1] INFO  o.a.c.c.C.[.[localhost].[/books] - Initializing Spring DispatcherServlet 'dispatcherServlet'
[0;39m
[34m09:24:32.284[http-nio-8002-exec-1] INFO  o.s.web.servlet.DispatcherServlet - Initializing Servlet 'dispatcherServlet'
[0;39m
[34m09:24:32.307[http-nio-8002-exec-1] INFO  o.s.web.servlet.DispatcherServlet - Completed initialization in 23 ms
[0;39m
[34m09:24:32.567[main] INFO  c.a.l.nonfiction.service.Application - Started Application in 4.212 seconds (JVM running for 4.566)
[0;39m
[34m09:28:01.521[SpringContextShutdownHook] INFO  o.s.s.c.ThreadPoolTaskExecutor - Shutting down ExecutorService 'applicationTaskExecutor'
[0;39m
[34m09:28:01.524[SpringContextShutdownHook] INFO  org.mongodb.driver.connection - Closed connection [connectionId{localValue:2, serverValue:20}] to localhost:27017 because the pool has been closed.
[0;39m
[34m09:28:04.281[main] INFO  c.a.l.nonfiction.service.Application - Starting Application on LAPTOP-N9NNG75B with PID 18364 (C:\Users\User\Desktop\nonfiction.service (1)\nonfiction.service\target\classes started by User in C:\Users\User\Desktop\nonfiction.service (1))
[0;39m
[34m09:28:04.284[main] INFO  c.a.l.nonfiction.service.Application - No active profile set, falling back to default profiles: default
[0;39m
[31m09:28:04.416[background-preinit] WARN  o.s.h.c.j.Jackson2ObjectMapperBuilder - For Jackson Kotlin classes support please add "com.fasterxml.jackson.module:jackson-module-kotlin" to the classpath
[0;39m
[34m09:28:05.209[main] INFO  o.s.d.r.c.RepositoryConfigurationDelegate - Multiple Spring Data modules found, entering strict repository configuration mode!
[0;39m
[34m09:28:05.210[main] INFO  o.s.d.r.c.RepositoryConfigurationDelegate - Bootstrapping Spring Data MongoDB repositories in DEFAULT mode.
[0;39m
[34m09:28:05.296[main] INFO  o.s.d.r.c.RepositoryConfigurationDelegate - Finished Spring Data repository scanning in 83ms. Found 1 MongoDB repository interfaces.
[0;39m
[34m09:28:05.876[main] INFO  o.s.b.w.e.tomcat.TomcatWebServer - Tomcat initialized with port(s): 8002 (http)
[0;39m
[34m09:28:05.882[main] INFO  o.a.coyote.http11.Http11NioProtocol - Initializing ProtocolHandler ["http-nio-8002"]
[0;39m
[34m09:28:05.883[main] INFO  o.a.catalina.core.StandardService - Starting service [Tomcat]
[0;39m
[34m09:28:05.883[main] INFO  o.a.catalina.core.StandardEngine - Starting Servlet engine: [Apache Tomcat/9.0.41]
[0;39m
[34m09:28:05.977[main] INFO  o.a.c.c.C.[.[localhost].[/books] - Initializing Spring embedded WebApplicationContext
[0;39m
[34m09:28:05.977[main] INFO  o.s.b.w.s.c.ServletWebServerApplicationContext - Root WebApplicationContext: initialization completed in 1613 ms
[0;39m
[34m09:28:06.093[main] INFO  org.mongodb.driver.cluster - Cluster created with settings {hosts=[localhost:27017], mode=SINGLE, requiredClusterType=UNKNOWN, serverSelectionTimeout='30000 ms'}
[0;39m
[34m09:28:06.151[cluster-ClusterId{value='6538924e70e9c767a3d68b55', description='null'}-localhost:27017] INFO  org.mongodb.driver.connection - Opened connection [connectionId{localValue:1, serverValue:21}] to localhost:27017
[0;39m
[34m09:28:06.155[cluster-ClusterId{value='6538924e70e9c767a3d68b55', description='null'}-localhost:27017] INFO  org.mongodb.driver.cluster - Monitor thread successfully connected to server with description ServerDescription{address=localhost:27017, type=STANDALONE, state=CONNECTED, ok=true, minWireVersion=0, maxWireVersion=21, maxDocumentSize=16777216, logicalSessionTimeoutMinutes=30, roundTripTimeNanos=2566900}
[0;39m
[34m09:28:06.325[main] INFO  org.mongodb.driver.connection - Opened connection [connectionId{localValue:2, serverValue:22}] to localhost:27017
[0;39m
[34m09:28:06.976[main] INFO  o.s.s.c.ThreadPoolTaskExecutor - Initializing ExecutorService 'applicationTaskExecutor'
[0;39m
[34m09:28:07.241[main] INFO  o.a.coyote.http11.Http11NioProtocol - Starting ProtocolHandler ["http-nio-8002"]
[0;39m
[34m09:28:07.287[main] INFO  o.s.b.w.e.tomcat.TomcatWebServer - Tomcat started on port(s): 8002 (http) with context path '/books'
[0;39m
[34m09:28:07.368[main] INFO  c.a.l.nonfiction.service.Application - Started Application in 3.56 seconds (JVM running for 3.935)
[0;39m
[34m09:28:08.989[http-nio-8002-exec-1] INFO  o.a.c.c.C.[.[localhost].[/books] - Initializing Spring DispatcherServlet 'dispatcherServlet'
[0;39m
[34m09:28:08.989[http-nio-8002-exec-1] INFO  o.s.web.servlet.DispatcherServlet - Initializing Servlet 'dispatcherServlet'
[0;39m
[34m09:28:08.999[http-nio-8002-exec-1] INFO  o.s.web.servlet.DispatcherServlet - Completed initialization in 10 ms
[0;39m
[34m09:29:18.679[SpringContextShutdownHook] INFO  o.s.s.c.ThreadPoolTaskExecutor - Shutting down ExecutorService 'applicationTaskExecutor'
[0;39m
[34m09:29:18.683[SpringContextShutdownHook] INFO  org.mongodb.driver.connection - Closed connection [connectionId{localValue:2, serverValue:22}] to localhost:27017 because the pool has been closed.
[0;39m
[34m09:29:21.258[main] INFO  c.a.l.nonfiction.service.Application - Starting Application on LAPTOP-N9NNG75B with PID 1876 (C:\Users\User\Desktop\nonfiction.service (1)\nonfiction.service\target\classes started by User in C:\Users\User\Desktop\nonfiction.service (1))
[0;39m
[34m09:29:21.261[main] INFO  c.a.l.nonfiction.service.Application - No active profile set, falling back to default profiles: default
[0;39m
[31m09:29:21.376[background-preinit] WARN  o.s.h.c.j.Jackson2ObjectMapperBuilder - For Jackson Kotlin classes support please add "com.fasterxml.jackson.module:jackson-module-kotlin" to the classpath
[0;39m
[34m09:29:22.200[main] INFO  o.s.d.r.c.RepositoryConfigurationDelegate - Multiple Spring Data modules found, entering strict repository configuration mode!
[0;39m
[34m09:29:22.202[main] INFO  o.s.d.r.c.RepositoryConfigurationDelegate - Bootstrapping Spring Data MongoDB repositories in DEFAULT mode.
[0;39m
[34m09:29:22.271[main] INFO  o.s.d.r.c.RepositoryConfigurationDelegate - Finished Spring Data repository scanning in 62ms. Found 1 MongoDB repository interfaces.
[0;39m
[34m09:29:22.858[main] INFO  o.s.b.w.e.tomcat.TomcatWebServer - Tomcat initialized with port(s): 8002 (http)
[0;39m
[34m09:29:22.865[main] INFO  o.a.coyote.http11.Http11NioProtocol - Initializing ProtocolHandler ["http-nio-8002"]
[0;39m
[34m09:29:22.865[main] INFO  o.a.catalina.core.StandardService - Starting service [Tomcat]
[0;39m
[34m09:29:22.865[main] INFO  o.a.catalina.core.StandardEngine - Starting Servlet engine: [Apache Tomcat/9.0.41]
[0;39m
[34m09:29:22.957[main] INFO  o.a.c.c.C.[.[localhost].[/books] - Initializing Spring embedded WebApplicationContext
[0;39m
[34m09:29:22.957[main] INFO  o.s.b.w.s.c.ServletWebServerApplicationContext - Root WebApplicationContext: initialization completed in 1625 ms
[0;39m
[34m09:29:23.076[main] INFO  org.mongodb.driver.cluster - Cluster created with settings {hosts=[localhost:27017], mode=SINGLE, requiredClusterType=UNKNOWN, serverSelectionTimeout='30000 ms'}
[0;39m
[34m09:29:23.121[cluster-ClusterId{value='6538929b09aa285d663e64fd', description='null'}-localhost:27017] INFO  org.mongodb.driver.connection - Opened connection [connectionId{localValue:1, serverValue:23}] to localhost:27017
[0;39m
[34m09:29:23.129[cluster-ClusterId{value='6538929b09aa285d663e64fd', description='null'}-localhost:27017] INFO  org.mongodb.driver.cluster - Monitor thread successfully connected to server with description ServerDescription{address=localhost:27017, type=STANDALONE, state=CONNECTED, ok=true, minWireVersion=0, maxWireVersion=21, maxDocumentSize=16777216, logicalSessionTimeoutMinutes=30, roundTripTimeNanos=2429100}
[0;39m
[34m09:29:23.301[main] INFO  org.mongodb.driver.connection - Opened connection [connectionId{localValue:2, serverValue:24}] to localhost:27017
[0;39m
[34m09:29:23.921[main] INFO  o.s.s.c.ThreadPoolTaskExecutor - Initializing ExecutorService 'applicationTaskExecutor'
[0;39m
[34m09:29:24.197[main] INFO  o.a.coyote.http11.Http11NioProtocol - Starting ProtocolHandler ["http-nio-8002"]
[0;39m
[34m09:29:24.255[main] INFO  o.s.b.w.e.tomcat.TomcatWebServer - Tomcat started on port(s): 8002 (http) with context path '/books'
[0;39m
[34m09:29:24.707[main] INFO  c.a.l.nonfiction.service.Application - Started Application in 3.837 seconds (JVM running for 4.186)
[0;39m
[34m09:29:29.507[http-nio-8002-exec-1] INFO  o.a.c.c.C.[.[localhost].[/books] - Initializing Spring DispatcherServlet 'dispatcherServlet'
[0;39m
[34m09:29:29.508[http-nio-8002-exec-1] INFO  o.s.web.servlet.DispatcherServlet - Initializing Servlet 'dispatcherServlet'
[0;39m
[34m09:29:29.520[http-nio-8002-exec-1] INFO  o.s.web.servlet.DispatcherServlet - Completed initialization in 12 ms
[0;39m
[39m11:41:57.227[http-nio-8002-exec-8] DEBUG o.s.data.mongodb.core.MongoTemplate - find using query: { "bookName" : "Eleven Minutes", "authorName" : "Paulo Coelho", "publisherName" : "New Book Publications"} fields: Document{{}} for class: class com.arabbank.librarymanagement.nonfiction.service.model.entity.NonFictionBooksEntity in collection: nonFictionBooks
[0;39m
[39m11:42:26.521[http-nio-8002-exec-10] DEBUG o.s.data.mongodb.core.MongoTemplate - find using query: { "bookName" : "Eleven Minutes", "authorName" : "Paulo Coelho", "publisherName" : "New Book Publications"} fields: Document{{}} for class: class com.arabbank.librarymanagement.nonfiction.service.model.entity.NonFictionBooksEntity in collection: nonFictionBooks
[0;39m
[34m12:13:34.150[SpringContextShutdownHook] INFO  o.s.s.c.ThreadPoolTaskExecutor - Shutting down ExecutorService 'applicationTaskExecutor'
[0;39m
[34m12:13:34.157[SpringContextShutdownHook] INFO  org.mongodb.driver.connection - Closed connection [connectionId{localValue:2, serverValue:24}] to localhost:27017 because the pool has been closed.
[0;39m
[34m12:13:38.173[main] INFO  c.a.l.nonfiction.service.Application - Starting Application on LAPTOP-N9NNG75B with PID 15332 (C:\Users\User\Desktop\nonfiction.service (1)\nonfiction.service\target\classes started by User in C:\Users\User\Desktop\nonfiction.service (1))
[0;39m
[34m12:13:38.178[main] INFO  c.a.l.nonfiction.service.Application - No active profile set, falling back to default profiles: default
[0;39m
[31m12:13:38.277[background-preinit] WARN  o.s.h.c.j.Jackson2ObjectMapperBuilder - For Jackson Kotlin classes support please add "com.fasterxml.jackson.module:jackson-module-kotlin" to the classpath
[0;39m
[34m12:13:39.205[main] INFO  o.s.d.r.c.RepositoryConfigurationDelegate - Multiple Spring Data modules found, entering strict repository configuration mode!
[0;39m
[34m12:13:39.205[main] INFO  o.s.d.r.c.RepositoryConfigurationDelegate - Bootstrapping Spring Data MongoDB repositories in DEFAULT mode.
[0;39m
[34m12:13:39.263[main] INFO  o.s.d.r.c.RepositoryConfigurationDelegate - Finished Spring Data repository scanning in 54ms. Found 1 MongoDB repository interfaces.
[0;39m
[34m12:13:39.833[main] INFO  o.s.b.w.e.tomcat.TomcatWebServer - Tomcat initialized with port(s): 8002 (http)
[0;39m
[34m12:13:39.838[main] INFO  o.a.coyote.http11.Http11NioProtocol - Initializing ProtocolHandler ["http-nio-8002"]
[0;39m
[34m12:13:39.838[main] INFO  o.a.catalina.core.StandardService - Starting service [Tomcat]
[0;39m
[34m12:13:39.838[main] INFO  o.a.catalina.core.StandardEngine - Starting Servlet engine: [Apache Tomcat/9.0.41]
[0;39m
[34m12:13:39.934[main] INFO  o.a.c.c.C.[.[localhost].[/books] - Initializing Spring embedded WebApplicationContext
[0;39m
[34m12:13:39.934[main] INFO  o.s.b.w.s.c.ServletWebServerApplicationContext - Root WebApplicationContext: initialization completed in 1707 ms
[0;39m
[34m12:13:40.050[main] INFO  org.mongodb.driver.cluster - Cluster created with settings {hosts=[localhost:27017], mode=SINGLE, requiredClusterType=UNKNOWN, serverSelectionTimeout='30000 ms'}
[0;39m
[34m12:13:40.121[cluster-ClusterId{value='6538b91c01d39535b7f58828', description='null'}-localhost:27017] INFO  org.mongodb.driver.connection - Opened connection [connectionId{localValue:1, serverValue:42}] to localhost:27017
[0;39m
[34m12:13:40.125[cluster-ClusterId{value='6538b91c01d39535b7f58828', description='null'}-localhost:27017] INFO  org.mongodb.driver.cluster - Monitor thread successfully connected to server with description ServerDescription{address=localhost:27017, type=STANDALONE, state=CONNECTED, ok=true, minWireVersion=0, maxWireVersion=21, maxDocumentSize=16777216, logicalSessionTimeoutMinutes=30, roundTripTimeNanos=3302900}
[0;39m
[34m12:13:40.280[main] INFO  org.mongodb.driver.connection - Opened connection [connectionId{localValue:2, serverValue:43}] to localhost:27017
[0;39m
[34m12:13:41.078[main] INFO  o.s.s.c.ThreadPoolTaskExecutor - Initializing ExecutorService 'applicationTaskExecutor'
[0;39m
[34m12:13:41.388[main] INFO  o.a.coyote.http11.Http11NioProtocol - Starting ProtocolHandler ["http-nio-8002"]
[0;39m
[34m12:13:41.448[main] INFO  o.s.b.w.e.tomcat.TomcatWebServer - Tomcat started on port(s): 8002 (http) with context path '/books'
[0;39m
[34m12:13:41.832[main] INFO  c.a.l.nonfiction.service.Application - Started Application in 4.134 seconds (JVM running for 4.549)
[0;39m
[34m12:34:32.809[SpringContextShutdownHook] INFO  o.s.s.c.ThreadPoolTaskExecutor - Shutting down ExecutorService 'applicationTaskExecutor'
[0;39m
[34m12:34:32.815[SpringContextShutdownHook] INFO  org.mongodb.driver.connection - Closed connection [connectionId{localValue:2, serverValue:43}] to localhost:27017 because the pool has been closed.
[0;39m
[34m12:34:35.275[main] INFO  c.a.l.nonfiction.service.Application - Starting Application on LAPTOP-N9NNG75B with PID 13284 (C:\Users\User\Desktop\nonfiction.service (1)\nonfiction.service\target\classes started by User in C:\Users\User\Desktop\nonfiction.service (1))
[0;39m
[34m12:34:35.278[main] INFO  c.a.l.nonfiction.service.Application - No active profile set, falling back to default profiles: default
[0;39m
[31m12:34:35.374[background-preinit] WARN  o.s.h.c.j.Jackson2ObjectMapperBuilder - For Jackson Kotlin classes support please add "com.fasterxml.jackson.module:jackson-module-kotlin" to the classpath
[0;39m
[34m12:34:36.240[main] INFO  o.s.d.r.c.RepositoryConfigurationDelegate - Multiple Spring Data modules found, entering strict repository configuration mode!
[0;39m
[34m12:34:36.241[main] INFO  o.s.d.r.c.RepositoryConfigurationDelegate - Bootstrapping Spring Data MongoDB repositories in DEFAULT mode.
[0;39m
[34m12:34:36.332[main] INFO  o.s.d.r.c.RepositoryConfigurationDelegate - Finished Spring Data repository scanning in 81ms. Found 1 MongoDB repository interfaces.
[0;39m
[34m12:34:36.906[main] INFO  o.s.b.w.e.tomcat.TomcatWebServer - Tomcat initialized with port(s): 8002 (http)
[0;39m
[34m12:34:36.913[main] INFO  o.a.coyote.http11.Http11NioProtocol - Initializing ProtocolHandler ["http-nio-8002"]
[0;39m
[34m12:34:36.914[main] INFO  o.a.catalina.core.StandardService - Starting service [Tomcat]
[0;39m
[34m12:34:36.914[main] INFO  o.a.catalina.core.StandardEngine - Starting Servlet engine: [Apache Tomcat/9.0.41]
[0;39m
[34m12:34:36.998[main] INFO  o.a.c.c.C.[.[localhost].[/books] - Initializing Spring embedded WebApplicationContext
[0;39m
[34m12:34:36.998[main] INFO  o.s.b.w.s.c.ServletWebServerApplicationContext - Root WebApplicationContext: initialization completed in 1659 ms
[0;39m
[34m12:34:37.116[main] INFO  org.mongodb.driver.cluster - Cluster created with settings {hosts=[localhost:27017], mode=SINGLE, requiredClusterType=UNKNOWN, serverSelectionTimeout='30000 ms'}
[0;39m
[34m12:34:37.175[cluster-ClusterId{value='6538be053e15fb108b7550da', description='null'}-localhost:27017] INFO  org.mongodb.driver.connection - Opened connection [connectionId{localValue:1, serverValue:48}] to localhost:27017
[0;39m
[34m12:34:37.179[cluster-ClusterId{value='6538be053e15fb108b7550da', description='null'}-localhost:27017] INFO  org.mongodb.driver.cluster - Monitor thread successfully connected to server with description ServerDescription{address=localhost:27017, type=STANDALONE, state=CONNECTED, ok=true, minWireVersion=0, maxWireVersion=21, maxDocumentSize=16777216, logicalSessionTimeoutMinutes=30, roundTripTimeNanos=1956000}
[0;39m
[34m12:34:37.334[main] INFO  org.mongodb.driver.connection - Opened connection [connectionId{localValue:2, serverValue:49}] to localhost:27017
[0;39m
[34m12:34:38.061[main] INFO  o.s.s.c.ThreadPoolTaskExecutor - Initializing ExecutorService 'applicationTaskExecutor'
[0;39m
[34m12:34:38.339[main] INFO  o.a.coyote.http11.Http11NioProtocol - Starting ProtocolHandler ["http-nio-8002"]
[0;39m
[34m12:34:38.386[main] INFO  o.s.b.w.e.tomcat.TomcatWebServer - Tomcat started on port(s): 8002 (http) with context path '/books'
[0;39m
[34m12:34:38.696[main] INFO  c.a.l.nonfiction.service.Application - Started Application in 3.754 seconds (JVM running for 4.058)
[0;39m
[34m12:44:01.657[SpringContextShutdownHook] INFO  o.s.s.c.ThreadPoolTaskExecutor - Shutting down ExecutorService 'applicationTaskExecutor'
[0;39m
[34m12:44:01.666[SpringContextShutdownHook] INFO  org.mongodb.driver.connection - Closed connection [connectionId{localValue:2, serverValue:49}] to localhost:27017 because the pool has been closed.
[0;39m
[34m12:44:04.851[main] INFO  c.a.l.nonfiction.service.Application - Starting Application on LAPTOP-N9NNG75B with PID 10184 (C:\Users\User\Desktop\nonfiction.service (1)\nonfiction.service\target\classes started by User in C:\Users\User\Desktop\nonfiction.service (1))
[0;39m
[34m12:44:04.856[main] INFO  c.a.l.nonfiction.service.Application - No active profile set, falling back to default profiles: default
[0;39m
[31m12:44:04.943[background-preinit] WARN  o.s.h.c.j.Jackson2ObjectMapperBuilder - For Jackson Kotlin classes support please add "com.fasterxml.jackson.module:jackson-module-kotlin" to the classpath
[0;39m
[34m12:44:05.799[main] INFO  o.s.d.r.c.RepositoryConfigurationDelegate - Multiple Spring Data modules found, entering strict repository configuration mode!
[0;39m
[34m12:44:05.799[main] INFO  o.s.d.r.c.RepositoryConfigurationDelegate - Bootstrapping Spring Data MongoDB repositories in DEFAULT mode.
[0;39m
[34m12:44:05.893[main] INFO  o.s.d.r.c.RepositoryConfigurationDelegate - Finished Spring Data repository scanning in 90ms. Found 1 MongoDB repository interfaces.
[0;39m
[34m12:44:06.479[main] INFO  o.s.b.w.e.tomcat.TomcatWebServer - Tomcat initialized with port(s): 8002 (http)
[0;39m
[34m12:44:06.492[main] INFO  o.a.coyote.http11.Http11NioProtocol - Initializing ProtocolHandler ["http-nio-8002"]
[0;39m
[34m12:44:06.492[main] INFO  o.a.catalina.core.StandardService - Starting service [Tomcat]
[0;39m
[34m12:44:06.492[main] INFO  o.a.catalina.core.StandardEngine - Starting Servlet engine: [Apache Tomcat/9.0.41]
[0;39m
[34m12:44:06.589[main] INFO  o.a.c.c.C.[.[localhost].[/books] - Initializing Spring embedded WebApplicationContext
[0;39m
[34m12:44:06.589[main] INFO  o.s.b.w.s.c.ServletWebServerApplicationContext - Root WebApplicationContext: initialization completed in 1671 ms
[0;39m
[34m12:44:06.711[main] INFO  org.mongodb.driver.cluster - Cluster created with settings {hosts=[localhost:27017], mode=SINGLE, requiredClusterType=UNKNOWN, serverSelectionTimeout='30000 ms'}
[0;39m
[34m12:44:06.764[cluster-ClusterId{value='6538c03e68243503ea8426ae', description='null'}-localhost:27017] INFO  org.mongodb.driver.connection - Opened connection [connectionId{localValue:1, serverValue:50}] to localhost:27017
[0;39m
[34m12:44:06.775[cluster-ClusterId{value='6538c03e68243503ea8426ae', description='null'}-localhost:27017] INFO  org.mongodb.driver.cluster - Monitor thread successfully connected to server with description ServerDescription{address=localhost:27017, type=STANDALONE, state=CONNECTED, ok=true, minWireVersion=0, maxWireVersion=21, maxDocumentSize=16777216, logicalSessionTimeoutMinutes=30, roundTripTimeNanos=8666401}
[0;39m
[34m12:44:06.951[main] INFO  org.mongodb.driver.connection - Opened connection [connectionId{localValue:2, serverValue:51}] to localhost:27017
[0;39m
[34m12:44:07.774[main] INFO  o.s.s.c.ThreadPoolTaskExecutor - Initializing ExecutorService 'applicationTaskExecutor'
[0;39m
[34m12:44:08.114[main] INFO  o.a.coyote.http11.Http11NioProtocol - Starting ProtocolHandler ["http-nio-8002"]
[0;39m
[34m12:44:08.184[main] INFO  o.s.b.w.e.tomcat.TomcatWebServer - Tomcat started on port(s): 8002 (http) with context path '/books'
[0;39m
[34m12:44:08.585[main] INFO  c.a.l.nonfiction.service.Application - Started Application in 4.11 seconds (JVM running for 4.423)
[0;39m
[34m12:46:15.725[SpringContextShutdownHook] INFO  o.s.s.c.ThreadPoolTaskExecutor - Shutting down ExecutorService 'applicationTaskExecutor'
[0;39m
[34m12:46:15.731[SpringContextShutdownHook] INFO  org.mongodb.driver.connection - Closed connection [connectionId{localValue:2, serverValue:51}] to localhost:27017 because the pool has been closed.
[0;39m
[34m12:46:18.921[main] INFO  c.a.l.nonfiction.service.Application - Starting Application on LAPTOP-N9NNG75B with PID 440 (C:\Users\User\Desktop\nonfiction.service (1)\nonfiction.service\target\classes started by User in C:\Users\User\Desktop\nonfiction.service (1))
[0;39m
[34m12:46:18.924[main] INFO  c.a.l.nonfiction.service.Application - No active profile set, falling back to default profiles: default
[0;39m
[31m12:46:19.004[background-preinit] WARN  o.s.h.c.j.Jackson2ObjectMapperBuilder - For Jackson Kotlin classes support please add "com.fasterxml.jackson.module:jackson-module-kotlin" to the classpath
[0;39m
[34m12:46:19.701[main] INFO  o.s.d.r.c.RepositoryConfigurationDelegate - Multiple Spring Data modules found, entering strict repository configuration mode!
[0;39m
[34m12:46:19.703[main] INFO  o.s.d.r.c.RepositoryConfigurationDelegate - Bootstrapping Spring Data MongoDB repositories in DEFAULT mode.
[0;39m
[34m12:46:19.788[main] INFO  o.s.d.r.c.RepositoryConfigurationDelegate - Finished Spring Data repository scanning in 81ms. Found 1 MongoDB repository interfaces.
[0;39m
[34m12:46:20.393[main] INFO  o.s.b.w.e.tomcat.TomcatWebServer - Tomcat initialized with port(s): 8002 (http)
[0;39m
[34m12:46:20.399[main] INFO  o.a.coyote.http11.Http11NioProtocol - Initializing ProtocolHandler ["http-nio-8002"]
[0;39m
[34m12:46:20.399[main] INFO  o.a.catalina.core.StandardService - Starting service [Tomcat]
[0;39m
[34m12:46:20.399[main] INFO  o.a.catalina.core.StandardEngine - Starting Servlet engine: [Apache Tomcat/9.0.41]
[0;39m
[34m12:46:20.502[main] INFO  o.a.c.c.C.[.[localhost].[/books] - Initializing Spring embedded WebApplicationContext
[0;39m
[34m12:46:20.502[main] INFO  o.s.b.w.s.c.ServletWebServerApplicationContext - Root WebApplicationContext: initialization completed in 1530 ms
[0;39m
[34m12:46:20.616[main] INFO  org.mongodb.driver.cluster - Cluster created with settings {hosts=[localhost:27017], mode=SINGLE, requiredClusterType=UNKNOWN, serverSelectionTimeout='30000 ms'}
[0;39m
[34m12:46:20.679[cluster-ClusterId{value='6538c0c47dce92281bceb005', description='null'}-localhost:27017] INFO  org.mongodb.driver.connection - Opened connection [connectionId{localValue:1, serverValue:56}] to localhost:27017
[0;39m
[34m12:46:20.685[cluster-ClusterId{value='6538c0c47dce92281bceb005', description='null'}-localhost:27017] INFO  org.mongodb.driver.cluster - Monitor thread successfully connected to server with description ServerDescription{address=localhost:27017, type=STANDALONE, state=CONNECTED, ok=true, minWireVersion=0, maxWireVersion=21, maxDocumentSize=16777216, logicalSessionTimeoutMinutes=30, roundTripTimeNanos=2642000}
[0;39m
[34m12:46:20.850[main] INFO  org.mongodb.driver.connection - Opened connection [connectionId{localValue:2, serverValue:57}] to localhost:27017
[0;39m
[34m12:46:21.775[main] INFO  o.s.s.c.ThreadPoolTaskExecutor - Initializing ExecutorService 'applicationTaskExecutor'
[0;39m
[34m12:46:22.099[main] INFO  o.a.coyote.http11.Http11NioProtocol - Starting ProtocolHandler ["http-nio-8002"]
[0;39m
[34m12:46:22.160[main] INFO  o.s.b.w.e.tomcat.TomcatWebServer - Tomcat started on port(s): 8002 (http) with context path '/books'
[0;39m
[34m12:46:22.602[main] INFO  c.a.l.nonfiction.service.Application - Started Application in 4.012 seconds (JVM running for 4.306)
[0;39m
[34m12:48:27.749[http-nio-8002-exec-1] INFO  o.a.c.c.C.[.[localhost].[/books] - Initializing Spring DispatcherServlet 'dispatcherServlet'
[0;39m
[34m12:48:27.750[http-nio-8002-exec-1] INFO  o.s.web.servlet.DispatcherServlet - Initializing Servlet 'dispatcherServlet'
[0;39m
[34m12:48:27.753[http-nio-8002-exec-1] INFO  o.s.web.servlet.DispatcherServlet - Completed initialization in 3 ms
[0;39m
[34m12:52:10.430[SpringContextShutdownHook] INFO  o.s.s.c.ThreadPoolTaskExecutor - Shutting down ExecutorService 'applicationTaskExecutor'
[0;39m
[34m12:52:10.440[SpringContextShutdownHook] INFO  org.mongodb.driver.connection - Closed connection [connectionId{localValue:2, serverValue:57}] to localhost:27017 because the pool has been closed.
[0;39m
[34m12:52:11.988[main] INFO  c.a.l.nonfiction.service.Application - Starting Application on LAPTOP-N9NNG75B with PID 7836 (C:\Users\User\Desktop\nonfiction.service (1)\nonfiction.service\target\classes started by User in C:\Users\User\Desktop\nonfiction.service (1))
[0;39m
[34m12:52:11.993[main] INFO  c.a.l.nonfiction.service.Application - No active profile set, falling back to default profiles: default
[0;39m
[31m12:52:12.084[background-preinit] WARN  o.s.h.c.j.Jackson2ObjectMapperBuilder - For Jackson Kotlin classes support please add "com.fasterxml.jackson.module:jackson-module-kotlin" to the classpath
[0;39m
[34m12:52:12.909[main] INFO  o.s.d.r.c.RepositoryConfigurationDelegate - Multiple Spring Data modules found, entering strict repository configuration mode!
[0;39m
[34m12:52:12.909[main] INFO  o.s.d.r.c.RepositoryConfigurationDelegate - Bootstrapping Spring Data MongoDB repositories in DEFAULT mode.
[0;39m
[34m12:52:13.016[main] INFO  o.s.d.r.c.RepositoryConfigurationDelegate - Finished Spring Data repository scanning in 104ms. Found 1 MongoDB repository interfaces.
[0;39m
[34m12:52:13.660[main] INFO  o.s.b.w.e.tomcat.TomcatWebServer - Tomcat initialized with port(s): 8002 (http)
[0;39m
[34m12:52:13.666[main] INFO  o.a.coyote.http11.Http11NioProtocol - Initializing ProtocolHandler ["http-nio-8002"]
[0;39m
[34m12:52:13.666[main] INFO  o.a.catalina.core.StandardService - Starting service [Tomcat]
[0;39m
[34m12:52:13.667[main] INFO  o.a.catalina.core.StandardEngine - Starting Servlet engine: [Apache Tomcat/9.0.41]
[0;39m
[34m12:52:13.759[main] INFO  o.a.c.c.C.[.[localhost].[/books] - Initializing Spring embedded WebApplicationContext
[0;39m
[34m12:52:13.760[main] INFO  o.s.b.w.s.c.ServletWebServerApplicationContext - Root WebApplicationContext: initialization completed in 1704 ms
[0;39m
[34m12:52:13.884[main] INFO  org.mongodb.driver.cluster - Cluster created with settings {hosts=[localhost:27017], mode=SINGLE, requiredClusterType=UNKNOWN, serverSelectionTimeout='30000 ms'}
[0;39m
[34m12:52:13.950[cluster-ClusterId{value='6538c2254a987a2011f3c578', description='null'}-localhost:27017] INFO  org.mongodb.driver.connection - Opened connection [connectionId{localValue:1, serverValue:58}] to localhost:27017
[0;39m
[34m12:52:13.954[cluster-ClusterId{value='6538c2254a987a2011f3c578', description='null'}-localhost:27017] INFO  org.mongodb.driver.cluster - Monitor thread successfully connected to server with description ServerDescription{address=localhost:27017, type=STANDALONE, state=CONNECTED, ok=true, minWireVersion=0, maxWireVersion=21, maxDocumentSize=16777216, logicalSessionTimeoutMinutes=30, roundTripTimeNanos=2292499}
[0;39m
[34m12:52:14.121[main] INFO  org.mongodb.driver.connection - Opened connection [connectionId{localValue:2, serverValue:59}] to localhost:27017
[0;39m
[34m12:52:14.737[main] INFO  o.s.s.c.ThreadPoolTaskExecutor - Initializing ExecutorService 'applicationTaskExecutor'
[0;39m
[34m12:52:14.985[main] INFO  o.a.coyote.http11.Http11NioProtocol - Starting ProtocolHandler ["http-nio-8002"]
[0;39m
[34m12:52:15.044[main] INFO  o.s.b.w.e.tomcat.TomcatWebServer - Tomcat started on port(s): 8002 (http) with context path '/books'
[0;39m
[34m12:52:15.382[main] INFO  c.a.l.nonfiction.service.Application - Started Application in 3.779 seconds (JVM running for 4.094)
[0;39m
[34m12:53:11.133[http-nio-8002-exec-1] INFO  o.a.c.c.C.[.[localhost].[/books] - Initializing Spring DispatcherServlet 'dispatcherServlet'
[0;39m
[34m12:53:11.134[http-nio-8002-exec-1] INFO  o.s.web.servlet.DispatcherServlet - Initializing Servlet 'dispatcherServlet'
[0;39m
[34m12:53:11.138[http-nio-8002-exec-1] INFO  o.s.web.servlet.DispatcherServlet - Completed initialization in 4 ms
[0;39m
[39m12:59:00.703[http-nio-8002-exec-7] DEBUG o.s.data.mongodb.core.MongoTemplate - find using query: { "bookName" : "Eleven Minutes", "authorName" : "Paulo Coelho", "publisherName" : "New Book Publications"} fields: Document{{}} for class: class com.arabbank.librarymanagement.nonfiction.service.model.entity.NonFictionBooksEntity in collection: nonFictionBooks
[0;39m
[39m13:00:30.032[http-nio-8002-exec-9] DEBUG o.s.data.mongodb.core.MongoTemplate - find using query: { "authorName" : "Paulo Coelho"} fields: Document{{}} for class: class com.arabbank.librarymanagement.nonfiction.service.model.entity.NonFictionBooksEntity in collection: nonFictionBooks
[0;39m
[39m13:00:40.479[http-nio-8002-exec-10] DEBUG o.s.data.mongodb.core.MongoTemplate - find using query: { "authorName" : "Paulo Coelho", "publisherName" : "New Book Publications"} fields: Document{{}} for class: class com.arabbank.librarymanagement.nonfiction.service.model.entity.NonFictionBooksEntity in collection: nonFictionBooks
[0;39m
[39m13:02:39.324[http-nio-8002-exec-2] DEBUG o.s.data.mongodb.core.MongoTemplate - find using query: { "authorName" : "Paulo Coelho"} fields: Document{{}} for class: class com.arabbank.librarymanagement.nonfiction.service.model.entity.NonFictionBooksEntity in collection: nonFictionBooks
[0;39m
